[2016-11-23 19:09:18] ::1 /filemanage/index.php
INFO: [ app_init ] --START--
INFO: Run Behavior\BuildLiteBehavior [ RunTime:0.001000s ]
INFO: Run Behavior\FlashBehaviors [ RunTime:0.001000s ]
INFO: [ app_init ] --END-- [ RunTime:0.003000s ]

[2016-11-23 19:09:22] ::1 /filemanage/index.php/Home/Login/checkLogin?account=super_admin&password=123456&type=1
INFO: [ app_init ] --START--
INFO: Run Behavior\BuildLiteBehavior [ RunTime:0.000000s ]
INFO: Run Behavior\FlashBehaviors [ RunTime:0.001000s ]
INFO: [ app_init ] --END-- [ RunTime:0.002000s ]

[2016-11-23 19:09:25] ::1 /filemanage/index.php/Home/Login/index
INFO: [ app_init ] --START--
INFO: Run Behavior\BuildLiteBehavior [ RunTime:0.000000s ]
INFO: Run Behavior\FlashBehaviors [ RunTime:0.000000s ]
INFO: [ app_init ] --END-- [ RunTime:0.001000s ]

[2016-11-23 19:09:35] ::1 /filemanage/index.php/Home/Login/checkLogin?account=admin&password=123456&type=1
INFO: [ app_init ] --START--
INFO: Run Behavior\BuildLiteBehavior [ RunTime:0.000000s ]
INFO: Run Behavior\FlashBehaviors [ RunTime:0.000000s ]
INFO: [ app_init ] --END-- [ RunTime:0.001000s ]

[2016-11-23 19:09:36] ::1 /filemanage/index.php/Home/Index/index
INFO: [ app_init ] --START--
INFO: Run Behavior\BuildLiteBehavior [ RunTime:0.000000s ]
INFO: Run Behavior\FlashBehaviors [ RunTime:0.001000s ]
INFO: [ app_init ] --END-- [ RunTime:0.001000s ]

[2016-11-23 19:09:53] ::1 /filemanage/index.php/Home/Count/changeCount
INFO: [ app_init ] --START--
INFO: Run Behavior\BuildLiteBehavior [ RunTime:0.000000s ]
INFO: Run Behavior\FlashBehaviors [ RunTime:0.000000s ]
INFO: [ app_init ] --END-- [ RunTime:0.001000s ]

[2016-11-23 19:09:56] ::1 /filemanage/index.php/Home/Count/rankCount
INFO: [ app_init ] --START--
INFO: Run Behavior\BuildLiteBehavior [ RunTime:0.000000s ]
INFO: Run Behavior\FlashBehaviors [ RunTime:0.000000s ]
INFO: [ app_init ] --END-- [ RunTime:0.001000s ]

[2016-11-23 19:16:53] ::1 /filemanage/index.php/Home/Index/modPassword
INFO: [ app_init ] --START--
INFO: Run Behavior\BuildLiteBehavior [ RunTime:0.000000s ]
INFO: Run Behavior\FlashBehaviors [ RunTime:0.002000s ]
INFO: [ app_init ] --END-- [ RunTime:0.004000s ]

[2016-11-23 19:16:54] ::1 /filemanage/index.php/Home/Login/logout
INFO: [ app_init ] --START--
INFO: Run Behavior\BuildLiteBehavior [ RunTime:0.000000s ]
INFO: Run Behavior\FlashBehaviors [ RunTime:0.001000s ]
INFO: [ app_init ] --END-- [ RunTime:0.001000s ]

[2016-11-23 19:16:56] ::1 /filemanage/index.php/Home/Login/index
INFO: [ app_init ] --START--
INFO: Run Behavior\BuildLiteBehavior [ RunTime:0.000000s ]
INFO: Run Behavior\FlashBehaviors [ RunTime:0.001000s ]
INFO: [ app_init ] --END-- [ RunTime:0.002000s ]

[2016-11-23 19:18:16] ::1 /filemanage/index.php/Home/Login/checkLogin?account=10000000001&password=123456&type=3
INFO: [ app_init ] --START--
INFO: Run Behavior\BuildLiteBehavior [ RunTime:0.000000s ]
INFO: Run Behavior\FlashBehaviors [ RunTime:0.001000s ]
INFO: [ app_init ] --END-- [ RunTime:0.001000s ]

[2016-11-23 19:18:24] ::1 /filemanage/index.php/Home/Login/checkLogin?account=10000000001&password=123456&type=3
INFO: [ app_init ] --START--
INFO: Run Behavior\BuildLiteBehavior [ RunTime:0.000000s ]
INFO: Run Behavior\FlashBehaviors [ RunTime:0.001001s ]
INFO: [ app_init ] --END-- [ RunTime:0.002001s ]

[2016-11-23 19:18:30] ::1 /filemanage/index.php/Home/Login/checkLogin?account=10000000001&password=123&type=3
INFO: [ app_init ] --START--
INFO: Run Behavior\BuildLiteBehavior [ RunTime:0.000000s ]
INFO: Run Behavior\FlashBehaviors [ RunTime:0.001000s ]
INFO: [ app_init ] --END-- [ RunTime:0.002000s ]

[2016-11-23 19:18:32] ::1 /filemanage/index.php/Home/Index/index
INFO: [ app_init ] --START--
INFO: Run Behavior\BuildLiteBehavior [ RunTime:0.000000s ]
INFO: Run Behavior\FlashBehaviors [ RunTime:0.001000s ]
INFO: [ app_init ] --END-- [ RunTime:0.002000s ]

[2016-11-23 19:35:08] ::1 /filemanage/index.php/Home/Index/index
INFO: [ app_init ] --START--
INFO: Run Behavior\BuildLiteBehavior [ RunTime:0.000000s ]
INFO: Run Behavior\FlashBehaviors [ RunTime:0.000000s ]
INFO: [ app_init ] --END-- [ RunTime:0.002001s ]

[2016-11-23 19:35:12] ::1 /filemanage/index.php/Home/FileTemp/showList
INFO: [ app_init ] --START--
INFO: Run Behavior\BuildLiteBehavior [ RunTime:0.000000s ]
INFO: Run Behavior\FlashBehaviors [ RunTime:0.001000s ]
INFO: [ app_init ] --END-- [ RunTime:0.001000s ]

[2016-11-23 19:35:15] ::1 /filemanage/index.php/Home/File/showList
INFO: [ app_init ] --START--
INFO: Run Behavior\BuildLiteBehavior [ RunTime:0.000000s ]
INFO: Run Behavior\FlashBehaviors [ RunTime:0.000000s ]
INFO: [ app_init ] --END-- [ RunTime:0.001000s ]

[2016-11-23 19:35:20] ::1 /filemanage/index.php/Home/File/showList?file_temp_id=12&searchValue=
INFO: [ app_init ] --START--
INFO: Run Behavior\BuildLiteBehavior [ RunTime:0.000000s ]
INFO: Run Behavior\FlashBehaviors [ RunTime:0.000000s ]
INFO: [ app_init ] --END-- [ RunTime:0.002000s ]

[2016-11-23 19:43:26] ::1 /filemanage/index.php/Home/File/showList?file_temp_id=12&searchValue=
INFO: [ app_init ] --START--
INFO: Run Behavior\BuildLiteBehavior [ RunTime:0.000000s ]
INFO: Run Behavior\FlashBehaviors [ RunTime:0.002000s ]
INFO: [ app_init ] --END-- [ RunTime:0.003000s ]

[2016-11-23 19:44:03] ::1 /filemanage/index.php/Home/Count/rankCount
INFO: [ app_init ] --START--
INFO: Run Behavior\BuildLiteBehavior [ RunTime:0.000000s ]
INFO: Run Behavior\FlashBehaviors [ RunTime:0.000000s ]
INFO: [ app_init ] --END-- [ RunTime:0.001001s ]

[2016-11-23 21:11:50] ::1 /filemanage/index.php/Home/Count/studentCount
INFO: [ app_init ] --START--
INFO: Run Behavior\BuildLiteBehavior [ RunTime:0.000000s ]
INFO: Run Behavior\FlashBehaviors [ RunTime:0.001000s ]
INFO: [ app_init ] --END-- [ RunTime:0.002000s ]

[2016-11-23 21:11:55] ::1 /filemanage/index.php/Home/Count/rankCount
INFO: [ app_init ] --START--
INFO: Run Behavior\BuildLiteBehavior [ RunTime:0.000000s ]
INFO: Run Behavior\FlashBehaviors [ RunTime:0.000000s ]
INFO: [ app_init ] --END-- [ RunTime:0.001001s ]

[2016-11-23 21:24:20] ::1 /filemanage/index.php/Home/Count/studentCount
INFO: [ app_init ] --START--
INFO: Run Behavior\BuildLiteBehavior [ RunTime:0.000000s ]
INFO: Run Behavior\FlashBehaviors [ RunTime:0.001000s ]
INFO: [ app_init ] --END-- [ RunTime:0.002000s ]
File:D:\WWW\filemanage\ThinkPHP\Library\Think\Db\Driver.class.php(574)  E  
File:D:\WWW\filemanage\ThinkPHP\Library\Think\Db\Driver.class.php(525)  parseWhereItem  
File:D:\WWW\filemanage\ThinkPHP\Library\Think\Db\Driver.class.php(979)  parseWhere  
File:D:\WWW\filemanage\ThinkPHP\Library\Think\Db\Driver.class.php(961)  parseSql  
File:D:\WWW\filemanage\ThinkPHP\Library\Think\Db\Driver.class.php(941)  buildSelectSql  
File:D:\WWW\filemanage\ThinkPHP\Library\Think\Model.class.php(966)  select  
File:D:\WWW\filemanage\ThinkPHP\Library\Think\Model.class.php(231)  getField  
File:D:\WWW\filemanage\Application\Home\Model\CountModel.class.php(243)  __call  
File:D:\WWW\filemanage\Application\Home\Model\CountModel.class.php(243)  count  
File:D:\WWW\filemanage\Application\Home\Controller\CountController.class.php(102)  getstudentCount  
File:()  studentCount  
File:D:\WWW\filemanage\ThinkPHP\Library\Think\App.class.php(164)  invoke  
File:D:\WWW\filemanage\ThinkPHP\Library\Think\App.class.php(202)  exec  
File:D:\WWW\filemanage\ThinkPHP\Library\Think\Think.class.php(120)  run  
File:D:\WWW\filemanage\ThinkPHP\ThinkPHP.php(97)  start  
File:D:\WWW\filemanage\index.php(30)  require  
ERR: 表达式错误:id

[2016-11-23 21:25:11] ::1 /filemanage/index.php/Home/Count/studentCount
INFO: [ app_init ] --START--
INFO: Run Behavior\BuildLiteBehavior [ RunTime:0.000000s ]
INFO: Run Behavior\FlashBehaviors [ RunTime:0.001000s ]
INFO: [ app_init ] --END-- [ RunTime:0.002000s ]

[2016-11-23 21:25:25] ::1 /filemanage/index.php/Home/Count/studentCount
INFO: [ app_init ] --START--
INFO: Run Behavior\BuildLiteBehavior [ RunTime:0.000000s ]
INFO: Run Behavior\FlashBehaviors [ RunTime:0.001000s ]
INFO: [ app_init ] --END-- [ RunTime:0.001000s ]

[2016-11-23 21:25:49] ::1 /filemanage/index.php/Home/Count/studentCount
INFO: [ app_init ] --START--
INFO: Run Behavior\BuildLiteBehavior [ RunTime:0.000000s ]
INFO: Run Behavior\FlashBehaviors [ RunTime:0.000000s ]
INFO: [ app_init ] --END-- [ RunTime:0.001000s ]

[2016-11-23 21:26:38] ::1 /filemanage/index.php/Home/Count/studentCount
INFO: [ app_init ] --START--
INFO: Run Behavior\BuildLiteBehavior [ RunTime:0.000000s ]
INFO: Run Behavior\FlashBehaviors [ RunTime:0.001000s ]
INFO: [ app_init ] --END-- [ RunTime:0.002000s ]
File:D:\WWW\filemanage\ThinkPHP\Library\Think\Db\Driver.class.php(574)  E  
File:D:\WWW\filemanage\ThinkPHP\Library\Think\Db\Driver.class.php(525)  parseWhereItem  
File:D:\WWW\filemanage\ThinkPHP\Library\Think\Db\Driver.class.php(979)  parseWhere  
File:D:\WWW\filemanage\ThinkPHP\Library\Think\Db\Driver.class.php(961)  parseSql  
File:D:\WWW\filemanage\ThinkPHP\Library\Think\Db\Driver.class.php(941)  buildSelectSql  
File:D:\WWW\filemanage\ThinkPHP\Library\Think\Model.class.php(966)  select  
File:D:\WWW\filemanage\ThinkPHP\Library\Think\Model.class.php(231)  getField  
File:D:\WWW\filemanage\Application\Home\Model\CountModel.class.php(243)  __call  
File:D:\WWW\filemanage\Application\Home\Model\CountModel.class.php(243)  count  
File:D:\WWW\filemanage\Application\Home\Controller\CountController.class.php(102)  getstudentCount  
File:()  studentCount  
File:D:\WWW\filemanage\ThinkPHP\Library\Think\App.class.php(164)  invoke  
File:D:\WWW\filemanage\ThinkPHP\Library\Think\App.class.php(202)  exec  
File:D:\WWW\filemanage\ThinkPHP\Library\Think\Think.class.php(120)  run  
File:D:\WWW\filemanage\ThinkPHP\ThinkPHP.php(97)  start  
File:D:\WWW\filemanage\index.php(30)  require  
ERR: 表达式错误:id

[2016-11-23 21:28:06] ::1 /filemanage/index.php/Home/Count/studentCount
INFO: [ app_init ] --START--
INFO: Run Behavior\BuildLiteBehavior [ RunTime:0.000000s ]
INFO: Run Behavior\FlashBehaviors [ RunTime:0.001000s ]
INFO: [ app_init ] --END-- [ RunTime:0.001000s ]

[2016-11-23 21:28:31] ::1 /filemanage/index.php/Home/Count/studentCount
INFO: [ app_init ] --START--
INFO: Run Behavior\BuildLiteBehavior [ RunTime:0.000000s ]
INFO: Run Behavior\FlashBehaviors [ RunTime:0.000000s ]
INFO: [ app_init ] --END-- [ RunTime:0.001000s ]

[2016-11-23 21:29:06] ::1 /filemanage/index.php/Home/Count/studentCount
INFO: [ app_init ] --START--
INFO: Run Behavior\BuildLiteBehavior [ RunTime:0.000000s ]
INFO: Run Behavior\FlashBehaviors [ RunTime:0.001001s ]
INFO: [ app_init ] --END-- [ RunTime:0.002001s ]

[2016-11-23 21:29:23] ::1 /filemanage/index.php/Home/Count/studentCount
INFO: [ app_init ] --START--
INFO: Run Behavior\BuildLiteBehavior [ RunTime:0.000000s ]
INFO: Run Behavior\FlashBehaviors [ RunTime:0.001000s ]
INFO: [ app_init ] --END-- [ RunTime:0.002000s ]
File:D:\WWW\filemanage\ThinkPHP\Library\Think\Db\Driver.class.php(169)  execute  
File:D:\WWW\filemanage\ThinkPHP\Library\Think\Db\Driver.class.php(942)  query  
File:D:\WWW\filemanage\ThinkPHP\Library\Think\Model.class.php(583)  select  
File:D:\WWW\filemanage\Application\Home\Model\CountModel.class.php(231)  select  
File:D:\WWW\filemanage\Application\Home\Controller\CountController.class.php(102)  getstudentCount  
File:()  studentCount  
File:D:\WWW\filemanage\ThinkPHP\Library\Think\App.class.php(164)  invoke  
File:D:\WWW\filemanage\ThinkPHP\Library\Think\App.class.php(202)  exec  
File:D:\WWW\filemanage\ThinkPHP\Library\Think\Think.class.php(120)  run  
File:D:\WWW\filemanage\ThinkPHP\ThinkPHP.php(97)  start  
File:D:\WWW\filemanage\index.php(30)  require  
ERR: SQLSTATE[42S22]: Column not found: 1054 Unknown column 'class_id' in 'where clause'

[2016-11-23 21:30:41] ::1 /filemanage/index.php/Home/Count/studentCount
INFO: [ app_init ] --START--
INFO: Run Behavior\BuildLiteBehavior [ RunTime:0.000000s ]
INFO: Run Behavior\FlashBehaviors [ RunTime:0.000000s ]
INFO: [ app_init ] --END-- [ RunTime:0.001000s ]

[2016-11-23 21:31:05] ::1 /filemanage/index.php/Home/Count/studentCount
INFO: [ app_init ] --START--
INFO: Run Behavior\BuildLiteBehavior [ RunTime:0.000000s ]
INFO: Run Behavior\FlashBehaviors [ RunTime:0.001000s ]
INFO: [ app_init ] --END-- [ RunTime:0.001000s ]
File:D:\WWW\filemanage\ThinkPHP\Library\Think\Db\Driver.class.php(169)  execute  
File:D:\WWW\filemanage\ThinkPHP\Library\Think\Db\Driver.class.php(942)  query  
File:D:\WWW\filemanage\ThinkPHP\Library\Think\Model.class.php(583)  select  
File:D:\WWW\filemanage\Application\Home\Model\CountModel.class.php(231)  select  
File:D:\WWW\filemanage\Application\Home\Controller\CountController.class.php(102)  getstudentCount  
File:()  studentCount  
File:D:\WWW\filemanage\ThinkPHP\Library\Think\App.class.php(164)  invoke  
File:D:\WWW\filemanage\ThinkPHP\Library\Think\App.class.php(202)  exec  
File:D:\WWW\filemanage\ThinkPHP\Library\Think\Think.class.php(120)  run  
File:D:\WWW\filemanage\ThinkPHP\ThinkPHP.php(97)  start  
File:D:\WWW\filemanage\index.php(30)  require  
ERR: SQLSTATE[42S22]: Column not found: 1054 Unknown column 'class_id' in 'where clause'

[2016-11-23 21:31:24] ::1 /filemanage/index.php/Home/Count/studentCount
INFO: [ app_init ] --START--
INFO: Run Behavior\BuildLiteBehavior [ RunTime:0.000000s ]
INFO: Run Behavior\FlashBehaviors [ RunTime:0.000000s ]
INFO: [ app_init ] --END-- [ RunTime:0.001000s ]
File:D:\WWW\filemanage\ThinkPHP\Library\Think\Db\Driver.class.php(169)  execute  
File:D:\WWW\filemanage\ThinkPHP\Library\Think\Db\Driver.class.php(942)  query  
File:D:\WWW\filemanage\ThinkPHP\Library\Think\Model.class.php(583)  select  
File:D:\WWW\filemanage\Application\Home\Model\CountModel.class.php(231)  select  
File:D:\WWW\filemanage\Application\Home\Controller\CountController.class.php(102)  getstudentCount  
File:()  studentCount  
File:D:\WWW\filemanage\ThinkPHP\Library\Think\App.class.php(164)  invoke  
File:D:\WWW\filemanage\ThinkPHP\Library\Think\App.class.php(202)  exec  
File:D:\WWW\filemanage\ThinkPHP\Library\Think\Think.class.php(120)  run  
File:D:\WWW\filemanage\ThinkPHP\ThinkPHP.php(97)  start  
File:D:\WWW\filemanage\index.php(30)  require  
ERR: SQLSTATE[42S22]: Column not found: 1054 Unknown column 'class_id' in 'where clause'

[2016-11-23 21:32:41] ::1 /filemanage/index.php/Home/Count/studentCount
INFO: [ app_init ] --START--
INFO: Run Behavior\BuildLiteBehavior [ RunTime:0.000000s ]
INFO: Run Behavior\FlashBehaviors [ RunTime:0.001000s ]
INFO: [ app_init ] --END-- [ RunTime:0.002000s ]
File:D:\WWW\filemanage\ThinkPHP\Library\Think\Db\Driver.class.php(169)  execute  
File:D:\WWW\filemanage\ThinkPHP\Library\Think\Db\Driver.class.php(942)  query  
File:D:\WWW\filemanage\ThinkPHP\Library\Think\Model.class.php(583)  select  
File:D:\WWW\filemanage\Application\Home\Model\CountModel.class.php(231)  select  
File:D:\WWW\filemanage\Application\Home\Controller\CountController.class.php(102)  getstudentCount  
File:()  studentCount  
File:D:\WWW\filemanage\ThinkPHP\Library\Think\App.class.php(164)  invoke  
File:D:\WWW\filemanage\ThinkPHP\Library\Think\App.class.php(202)  exec  
File:D:\WWW\filemanage\ThinkPHP\Library\Think\Think.class.php(120)  run  
File:D:\WWW\filemanage\ThinkPHP\ThinkPHP.php(97)  start  
File:D:\WWW\filemanage\index.php(30)  require  
ERR: SQLSTATE[42S22]: Column not found: 1054 Unknown column 'class_id' in 'where clause'

[2016-11-23 21:32:58] ::1 /filemanage/index.php/Home/Count/studentCount
INFO: [ app_init ] --START--
INFO: Run Behavior\BuildLiteBehavior [ RunTime:0.000000s ]
INFO: Run Behavior\FlashBehaviors [ RunTime:0.001000s ]
INFO: [ app_init ] --END-- [ RunTime:0.001000s ]
File:D:\WWW\filemanage\ThinkPHP\Library\Think\Db\Driver.class.php(169)  execute  
File:D:\WWW\filemanage\ThinkPHP\Library\Think\Db\Driver.class.php(942)  query  
File:D:\WWW\filemanage\ThinkPHP\Library\Think\Model.class.php(583)  select  
File:D:\WWW\filemanage\Application\Home\Model\CountModel.class.php(231)  select  
File:D:\WWW\filemanage\Application\Home\Controller\CountController.class.php(102)  getstudentCount  
File:()  studentCount  
File:D:\WWW\filemanage\ThinkPHP\Library\Think\App.class.php(164)  invoke  
File:D:\WWW\filemanage\ThinkPHP\Library\Think\App.class.php(202)  exec  
File:D:\WWW\filemanage\ThinkPHP\Library\Think\Think.class.php(120)  run  
File:D:\WWW\filemanage\ThinkPHP\ThinkPHP.php(97)  start  
File:D:\WWW\filemanage\index.php(30)  require  
ERR: SQLSTATE[42S22]: Column not found: 1054 Unknown column 'class_id' in 'where clause'

[2016-11-23 21:34:01] ::1 /filemanage/index.php/Home/Count/studentCount
INFO: [ app_init ] --START--
INFO: Run Behavior\BuildLiteBehavior [ RunTime:0.000000s ]
INFO: Run Behavior\FlashBehaviors [ RunTime:0.001000s ]
INFO: [ app_init ] --END-- [ RunTime:0.001000s ]
File:D:\WWW\filemanage\ThinkPHP\Library\Think\Db\Driver.class.php(169)  execute  
File:D:\WWW\filemanage\ThinkPHP\Library\Think\Db\Driver.class.php(942)  query  
File:D:\WWW\filemanage\ThinkPHP\Library\Think\Model.class.php(583)  select  
File:D:\WWW\filemanage\Application\Home\Model\CountModel.class.php(231)  select  
File:D:\WWW\filemanage\Application\Home\Controller\CountController.class.php(102)  getstudentCount  
File:()  studentCount  
File:D:\WWW\filemanage\ThinkPHP\Library\Think\App.class.php(164)  invoke  
File:D:\WWW\filemanage\ThinkPHP\Library\Think\App.class.php(202)  exec  
File:D:\WWW\filemanage\ThinkPHP\Library\Think\Think.class.php(120)  run  
File:D:\WWW\filemanage\ThinkPHP\ThinkPHP.php(97)  start  
File:D:\WWW\filemanage\index.php(30)  require  
ERR: SQLSTATE[42S22]: Column not found: 1054 Unknown column 'class_id' in 'where clause'

[2016-11-23 21:34:17] ::1 /filemanage/index.php/Home/Count/studentCount
INFO: [ app_init ] --START--
INFO: Run Behavior\BuildLiteBehavior [ RunTime:0.001000s ]
INFO: Run Behavior\FlashBehaviors [ RunTime:0.000000s ]
INFO: [ app_init ] --END-- [ RunTime:0.003000s ]
File:D:\WWW\filemanage\ThinkPHP\Library\Think\Db\Driver.class.php(169)  execute  
File:D:\WWW\filemanage\ThinkPHP\Library\Think\Db\Driver.class.php(942)  query  
File:D:\WWW\filemanage\ThinkPHP\Library\Think\Model.class.php(583)  select  
File:D:\WWW\filemanage\Application\Home\Model\CountModel.class.php(231)  select  
File:D:\WWW\filemanage\Application\Home\Controller\CountController.class.php(102)  getstudentCount  
File:()  studentCount  
File:D:\WWW\filemanage\ThinkPHP\Library\Think\App.class.php(164)  invoke  
File:D:\WWW\filemanage\ThinkPHP\Library\Think\App.class.php(202)  exec  
File:D:\WWW\filemanage\ThinkPHP\Library\Think\Think.class.php(120)  run  
File:D:\WWW\filemanage\ThinkPHP\ThinkPHP.php(97)  start  
File:D:\WWW\filemanage\index.php(30)  require  
ERR: SQLSTATE[42S22]: Column not found: 1054 Unknown column 'class_id' in 'where clause'

[2016-11-23 21:35:17] ::1 /filemanage/index.php/Home/Count/studentCount
INFO: [ app_init ] --START--
INFO: Run Behavior\BuildLiteBehavior [ RunTime:0.000000s ]
INFO: Run Behavior\FlashBehaviors [ RunTime:0.001000s ]
INFO: [ app_init ] --END-- [ RunTime:0.002001s ]
File:D:\WWW\filemanage\ThinkPHP\Library\Think\Db\Driver.class.php(169)  execute  
File:D:\WWW\filemanage\ThinkPHP\Library\Think\Db\Driver.class.php(942)  query  
File:D:\WWW\filemanage\ThinkPHP\Library\Think\Model.class.php(583)  select  
File:D:\WWW\filemanage\Application\Home\Model\CountModel.class.php(231)  select  
File:D:\WWW\filemanage\Application\Home\Controller\CountController.class.php(102)  getstudentCount  
File:()  studentCount  
File:D:\WWW\filemanage\ThinkPHP\Library\Think\App.class.php(164)  invoke  
File:D:\WWW\filemanage\ThinkPHP\Library\Think\App.class.php(202)  exec  
File:D:\WWW\filemanage\ThinkPHP\Library\Think\Think.class.php(120)  run  
File:D:\WWW\filemanage\ThinkPHP\ThinkPHP.php(97)  start  
File:D:\WWW\filemanage\index.php(30)  require  
ERR: SQLSTATE[42S22]: Column not found: 1054 Unknown column 'class_id' in 'where clause'

[2016-11-23 21:35:20] ::1 /filemanage/index.php/Home/Count/studentCount
INFO: [ app_init ] --START--
INFO: Run Behavior\BuildLiteBehavior [ RunTime:0.000000s ]
INFO: Run Behavior\FlashBehaviors [ RunTime:0.001000s ]
INFO: [ app_init ] --END-- [ RunTime:0.002000s ]
File:D:\WWW\filemanage\ThinkPHP\Library\Think\Db\Driver.class.php(169)  execute  
File:D:\WWW\filemanage\ThinkPHP\Library\Think\Db\Driver.class.php(942)  query  
File:D:\WWW\filemanage\ThinkPHP\Library\Think\Model.class.php(583)  select  
File:D:\WWW\filemanage\Application\Home\Model\CountModel.class.php(231)  select  
File:D:\WWW\filemanage\Application\Home\Controller\CountController.class.php(102)  getstudentCount  
File:()  studentCount  
File:D:\WWW\filemanage\ThinkPHP\Library\Think\App.class.php(164)  invoke  
File:D:\WWW\filemanage\ThinkPHP\Library\Think\App.class.php(202)  exec  
File:D:\WWW\filemanage\ThinkPHP\Library\Think\Think.class.php(120)  run  
File:D:\WWW\filemanage\ThinkPHP\ThinkPHP.php(97)  start  
File:D:\WWW\filemanage\index.php(30)  require  
ERR: SQLSTATE[42S22]: Column not found: 1054 Unknown column 'class_id' in 'where clause'

[2016-11-23 21:36:06] ::1 /filemanage/index.php/Home/Count/studentCount
INFO: [ app_init ] --START--
INFO: Run Behavior\BuildLiteBehavior [ RunTime:0.000000s ]
INFO: Run Behavior\FlashBehaviors [ RunTime:0.000000s ]
INFO: [ app_init ] --END-- [ RunTime:0.002001s ]
File:D:\WWW\filemanage\ThinkPHP\Library\Think\Db\Driver.class.php(169)  execute  
File:D:\WWW\filemanage\ThinkPHP\Library\Think\Db\Driver.class.php(942)  query  
File:D:\WWW\filemanage\ThinkPHP\Library\Think\Model.class.php(583)  select  
File:D:\WWW\filemanage\Application\Home\Model\CountModel.class.php(231)  select  
File:D:\WWW\filemanage\Application\Home\Controller\CountController.class.php(102)  getstudentCount  
File:()  studentCount  
File:D:\WWW\filemanage\ThinkPHP\Library\Think\App.class.php(164)  invoke  
File:D:\WWW\filemanage\ThinkPHP\Library\Think\App.class.php(202)  exec  
File:D:\WWW\filemanage\ThinkPHP\Library\Think\Think.class.php(120)  run  
File:D:\WWW\filemanage\ThinkPHP\ThinkPHP.php(97)  start  
File:D:\WWW\filemanage\index.php(30)  require  
ERR: SQLSTATE[42S22]: Column not found: 1054 Unknown column 'class_id' in 'where clause'

[2016-11-23 21:36:07] ::1 /filemanage/index.php/Home/Count/studentCount
INFO: [ app_init ] --START--
INFO: Run Behavior\BuildLiteBehavior [ RunTime:0.000000s ]
INFO: Run Behavior\FlashBehaviors [ RunTime:0.000000s ]
INFO: [ app_init ] --END-- [ RunTime:0.001000s ]
File:D:\WWW\filemanage\ThinkPHP\Library\Think\Db\Driver.class.php(169)  execute  
File:D:\WWW\filemanage\ThinkPHP\Library\Think\Db\Driver.class.php(942)  query  
File:D:\WWW\filemanage\ThinkPHP\Library\Think\Model.class.php(583)  select  
File:D:\WWW\filemanage\Application\Home\Model\CountModel.class.php(231)  select  
File:D:\WWW\filemanage\Application\Home\Controller\CountController.class.php(102)  getstudentCount  
File:()  studentCount  
File:D:\WWW\filemanage\ThinkPHP\Library\Think\App.class.php(164)  invoke  
File:D:\WWW\filemanage\ThinkPHP\Library\Think\App.class.php(202)  exec  
File:D:\WWW\filemanage\ThinkPHP\Library\Think\Think.class.php(120)  run  
File:D:\WWW\filemanage\ThinkPHP\ThinkPHP.php(97)  start  
File:D:\WWW\filemanage\index.php(30)  require  
ERR: SQLSTATE[42S22]: Column not found: 1054 Unknown column 'class_id' in 'where clause'

[2016-11-23 21:36:47] ::1 /filemanage/index.php/Home/Count/studentCount
INFO: [ app_init ] --START--
INFO: Run Behavior\BuildLiteBehavior [ RunTime:0.000000s ]
INFO: Run Behavior\FlashBehaviors [ RunTime:0.000000s ]
INFO: [ app_init ] --END-- [ RunTime:0.001000s ]
File:D:\WWW\filemanage\ThinkPHP\Library\Think\Db\Driver.class.php(169)  execute  
File:D:\WWW\filemanage\ThinkPHP\Library\Think\Db\Driver.class.php(942)  query  
File:D:\WWW\filemanage\ThinkPHP\Library\Think\Model.class.php(966)  select  
File:D:\WWW\filemanage\ThinkPHP\Library\Think\Model.class.php(231)  getField  
File:D:\WWW\filemanage\Application\Home\Model\CountModel.class.php(248)  __call  
File:D:\WWW\filemanage\Application\Home\Model\CountModel.class.php(248)  count  
File:D:\WWW\filemanage\Application\Home\Controller\CountController.class.php(102)  getstudentCount  
File:()  studentCount  
File:D:\WWW\filemanage\ThinkPHP\Library\Think\App.class.php(164)  invoke  
File:D:\WWW\filemanage\ThinkPHP\Library\Think\App.class.php(202)  exec  
File:D:\WWW\filemanage\ThinkPHP\Library\Think\Think.class.php(120)  run  
File:D:\WWW\filemanage\ThinkPHP\ThinkPHP.php(97)  start  
File:D:\WWW\filemanage\index.php(30)  require  
ERR: SQLSTATE[42S22]: Column not found: 1054 Unknown column 'ys_student.class_id' in 'where clause'

[2016-11-23 21:37:13] ::1 /filemanage/index.php/Home/Count/studentCount
INFO: [ app_init ] --START--
INFO: Run Behavior\BuildLiteBehavior [ RunTime:0.000000s ]
INFO: Run Behavior\FlashBehaviors [ RunTime:0.001000s ]
INFO: [ app_init ] --END-- [ RunTime:0.001000s ]
File:D:\WWW\filemanage\ThinkPHP\Library\Think\Db\Driver.class.php(169)  execute  
File:D:\WWW\filemanage\ThinkPHP\Library\Think\Db\Driver.class.php(942)  query  
File:D:\WWW\filemanage\ThinkPHP\Library\Think\Model.class.php(583)  select  
File:D:\WWW\filemanage\Application\Home\Model\CountModel.class.php(248)  select  
File:D:\WWW\filemanage\Application\Home\Controller\CountController.class.php(102)  getstudentCount  
File:()  studentCount  
File:D:\WWW\filemanage\ThinkPHP\Library\Think\App.class.php(164)  invoke  
File:D:\WWW\filemanage\ThinkPHP\Library\Think\App.class.php(202)  exec  
File:D:\WWW\filemanage\ThinkPHP\Library\Think\Think.class.php(120)  run  
File:D:\WWW\filemanage\ThinkPHP\ThinkPHP.php(97)  start  
File:D:\WWW\filemanage\index.php(30)  require  
ERR: SQLSTATE[42S22]: Column not found: 1054 Unknown column 'ys_student.class_id' in 'where clause'

[2016-11-23 21:37:58] ::1 /filemanage/index.php/Home/Count/studentCount
INFO: [ app_init ] --START--
INFO: Run Behavior\BuildLiteBehavior [ RunTime:0.000000s ]
INFO: Run Behavior\FlashBehaviors [ RunTime:0.001000s ]
INFO: [ app_init ] --END-- [ RunTime:0.001000s ]
File:D:\WWW\filemanage\ThinkPHP\Library\Think\Db\Driver.class.php(169)  execute  
File:D:\WWW\filemanage\ThinkPHP\Library\Think\Db\Driver.class.php(942)  query  
File:D:\WWW\filemanage\ThinkPHP\Library\Think\Model.class.php(583)  select  
File:D:\WWW\filemanage\Application\Home\Model\CountModel.class.php(248)  select  
File:D:\WWW\filemanage\Application\Home\Controller\CountController.class.php(102)  getstudentCount  
File:()  studentCount  
File:D:\WWW\filemanage\ThinkPHP\Library\Think\App.class.php(164)  invoke  
File:D:\WWW\filemanage\ThinkPHP\Library\Think\App.class.php(202)  exec  
File:D:\WWW\filemanage\ThinkPHP\Library\Think\Think.class.php(120)  run  
File:D:\WWW\filemanage\ThinkPHP\ThinkPHP.php(97)  start  
File:D:\WWW\filemanage\index.php(30)  require  
ERR: SQLSTATE[42S22]: Column not found: 1054 Unknown column 'ys_student.classs_id' in 'where clause'

[2016-11-23 21:37:59] ::1 /filemanage/index.php/Home/Count/studentCount
INFO: [ app_init ] --START--
INFO: Run Behavior\BuildLiteBehavior [ RunTime:0.000000s ]
INFO: Run Behavior\FlashBehaviors [ RunTime:0.000000s ]
INFO: [ app_init ] --END-- [ RunTime:0.001000s ]
File:D:\WWW\filemanage\ThinkPHP\Library\Think\Db\Driver.class.php(169)  execute  
File:D:\WWW\filemanage\ThinkPHP\Library\Think\Db\Driver.class.php(942)  query  
File:D:\WWW\filemanage\ThinkPHP\Library\Think\Model.class.php(583)  select  
File:D:\WWW\filemanage\Application\Home\Model\CountModel.class.php(248)  select  
File:D:\WWW\filemanage\Application\Home\Controller\CountController.class.php(102)  getstudentCount  
File:()  studentCount  
File:D:\WWW\filemanage\ThinkPHP\Library\Think\App.class.php(164)  invoke  
File:D:\WWW\filemanage\ThinkPHP\Library\Think\App.class.php(202)  exec  
File:D:\WWW\filemanage\ThinkPHP\Library\Think\Think.class.php(120)  run  
File:D:\WWW\filemanage\ThinkPHP\ThinkPHP.php(97)  start  
File:D:\WWW\filemanage\index.php(30)  require  
ERR: SQLSTATE[42S22]: Column not found: 1054 Unknown column 'ys_student.classs_id' in 'where clause'

[2016-11-23 21:38:13] ::1 /filemanage/index.php/Home/Count/studentCount
INFO: [ app_init ] --START--
INFO: Run Behavior\BuildLiteBehavior [ RunTime:0.001000s ]
INFO: Run Behavior\FlashBehaviors [ RunTime:0.000000s ]
INFO: [ app_init ] --END-- [ RunTime:0.001000s ]
File:D:\WWW\filemanage\ThinkPHP\Library\Think\Db\Driver.class.php(169)  execute  
File:D:\WWW\filemanage\ThinkPHP\Library\Think\Db\Driver.class.php(942)  query  
File:D:\WWW\filemanage\ThinkPHP\Library\Think\Model.class.php(583)  select  
File:D:\WWW\filemanage\Application\Home\Model\CountModel.class.php(248)  select  
File:D:\WWW\filemanage\Application\Home\Controller\CountController.class.php(102)  getstudentCount  
File:()  studentCount  
File:D:\WWW\filemanage\ThinkPHP\Library\Think\App.class.php(164)  invoke  
File:D:\WWW\filemanage\ThinkPHP\Library\Think\App.class.php(202)  exec  
File:D:\WWW\filemanage\ThinkPHP\Library\Think\Think.class.php(120)  run  
File:D:\WWW\filemanage\ThinkPHP\ThinkPHP.php(97)  start  
File:D:\WWW\filemanage\index.php(30)  require  
ERR: SQLSTATE[42S22]: Column not found: 1054 Unknown column 'ys_student.classs_id' in 'where clause'

[2016-11-23 21:39:15] ::1 /filemanage/index.php/Home/Count/studentCount
INFO: [ app_init ] --START--
INFO: Run Behavior\BuildLiteBehavior [ RunTime:0.000000s ]
INFO: Run Behavior\FlashBehaviors [ RunTime:0.000000s ]
INFO: [ app_init ] --END-- [ RunTime:0.001000s ]
File:D:\WWW\filemanage\ThinkPHP\Library\Think\Db\Driver.class.php(169)  execute  
File:D:\WWW\filemanage\ThinkPHP\Library\Think\Db\Driver.class.php(942)  query  
File:D:\WWW\filemanage\ThinkPHP\Library\Think\Model.class.php(583)  select  
File:D:\WWW\filemanage\Application\Home\Model\CountModel.class.php(248)  select  
File:D:\WWW\filemanage\Application\Home\Controller\CountController.class.php(102)  getstudentCount  
File:()  studentCount  
File:D:\WWW\filemanage\ThinkPHP\Library\Think\App.class.php(164)  invoke  
File:D:\WWW\filemanage\ThinkPHP\Library\Think\App.class.php(202)  exec  
File:D:\WWW\filemanage\ThinkPHP\Library\Think\Think.class.php(120)  run  
File:D:\WWW\filemanage\ThinkPHP\ThinkPHP.php(97)  start  
File:D:\WWW\filemanage\index.php(30)  require  
ERR: SQLSTATE[42S22]: Column not found: 1054 Unknown column 'ys_student.classs_id' in 'where clause'

[2016-11-23 21:39:16] ::1 /filemanage/index.php/Home/Count/studentCount
INFO: [ app_init ] --START--
INFO: Run Behavior\BuildLiteBehavior [ RunTime:0.000000s ]
INFO: Run Behavior\FlashBehaviors [ RunTime:0.001000s ]
INFO: [ app_init ] --END-- [ RunTime:0.002000s ]
File:D:\WWW\filemanage\ThinkPHP\Library\Think\Db\Driver.class.php(169)  execute  
File:D:\WWW\filemanage\ThinkPHP\Library\Think\Db\Driver.class.php(942)  query  
File:D:\WWW\filemanage\ThinkPHP\Library\Think\Model.class.php(583)  select  
File:D:\WWW\filemanage\Application\Home\Model\CountModel.class.php(248)  select  
File:D:\WWW\filemanage\Application\Home\Controller\CountController.class.php(102)  getstudentCount  
File:()  studentCount  
File:D:\WWW\filemanage\ThinkPHP\Library\Think\App.class.php(164)  invoke  
File:D:\WWW\filemanage\ThinkPHP\Library\Think\App.class.php(202)  exec  
File:D:\WWW\filemanage\ThinkPHP\Library\Think\Think.class.php(120)  run  
File:D:\WWW\filemanage\ThinkPHP\ThinkPHP.php(97)  start  
File:D:\WWW\filemanage\index.php(30)  require  
ERR: SQLSTATE[42S22]: Column not found: 1054 Unknown column 'ys_student.classs_id' in 'where clause'

[2016-11-23 21:39:17] ::1 /filemanage/index.php/Home/Count/studentCount
INFO: [ app_init ] --START--
INFO: Run Behavior\BuildLiteBehavior [ RunTime:0.000000s ]
INFO: Run Behavior\FlashBehaviors [ RunTime:0.001000s ]
INFO: [ app_init ] --END-- [ RunTime:0.001000s ]
File:D:\WWW\filemanage\ThinkPHP\Library\Think\Db\Driver.class.php(169)  execute  
File:D:\WWW\filemanage\ThinkPHP\Library\Think\Db\Driver.class.php(942)  query  
File:D:\WWW\filemanage\ThinkPHP\Library\Think\Model.class.php(583)  select  
File:D:\WWW\filemanage\Application\Home\Model\CountModel.class.php(248)  select  
File:D:\WWW\filemanage\Application\Home\Controller\CountController.class.php(102)  getstudentCount  
File:()  studentCount  
File:D:\WWW\filemanage\ThinkPHP\Library\Think\App.class.php(164)  invoke  
File:D:\WWW\filemanage\ThinkPHP\Library\Think\App.class.php(202)  exec  
File:D:\WWW\filemanage\ThinkPHP\Library\Think\Think.class.php(120)  run  
File:D:\WWW\filemanage\ThinkPHP\ThinkPHP.php(97)  start  
File:D:\WWW\filemanage\index.php(30)  require  
ERR: SQLSTATE[42S22]: Column not found: 1054 Unknown column 'ys_student.classs_id' in 'where clause'

[2016-11-23 21:40:10] ::1 /filemanage/index.php/Home/Count/studentCount
INFO: [ app_init ] --START--
INFO: Run Behavior\BuildLiteBehavior [ RunTime:0.000000s ]
INFO: Run Behavior\FlashBehaviors [ RunTime:0.001000s ]
INFO: [ app_init ] --END-- [ RunTime:0.002000s ]
File:D:\WWW\filemanage\ThinkPHP\Library\Think\Db\Driver.class.php(169)  execute  
File:D:\WWW\filemanage\ThinkPHP\Library\Think\Model.class.php(1378)  query  
File:D:\WWW\filemanage\Application\Home\Model\CountModel.class.php(246)  query  
File:D:\WWW\filemanage\Application\Home\Controller\CountController.class.php(102)  getstudentCount  
File:()  studentCount  
File:D:\WWW\filemanage\ThinkPHP\Library\Think\App.class.php(164)  invoke  
File:D:\WWW\filemanage\ThinkPHP\Library\Think\App.class.php(202)  exec  
File:D:\WWW\filemanage\ThinkPHP\Library\Think\Think.class.php(120)  run  
File:D:\WWW\filemanage\ThinkPHP\ThinkPHP.php(97)  start  
File:D:\WWW\filemanage\index.php(30)  require  
ERR: SQLSTATE[42S22]: Column not found: 1054 Unknown column 'ys_student.classs_id' in 'where clause'

[2016-11-23 21:40:24] ::1 /filemanage/index.php/Home/Count/studentCount
INFO: [ app_init ] --START--
INFO: Run Behavior\BuildLiteBehavior [ RunTime:0.000000s ]
INFO: Run Behavior\FlashBehaviors [ RunTime:0.000000s ]
INFO: [ app_init ] --END-- [ RunTime:0.001000s ]

[2016-11-23 21:42:07] ::1 /filemanage/index.php/Home/Count/studentCount
INFO: [ app_init ] --START--
INFO: Run Behavior\BuildLiteBehavior [ RunTime:0.000000s ]
INFO: Run Behavior\FlashBehaviors [ RunTime:0.000000s ]
INFO: [ app_init ] --END-- [ RunTime:0.002000s ]
File:D:\WWW\filemanage\ThinkPHP\Library\Think\Db\Driver.class.php(169)  execute  
File:D:\WWW\filemanage\ThinkPHP\Library\Think\Model.class.php(1378)  query  
File:D:\WWW\filemanage\Application\Home\Model\CountModel.class.php(246)  query  
File:D:\WWW\filemanage\Application\Home\Controller\CountController.class.php(102)  getstudentCount  
File:()  studentCount  
File:D:\WWW\filemanage\ThinkPHP\Library\Think\App.class.php(164)  invoke  
File:D:\WWW\filemanage\ThinkPHP\Library\Think\App.class.php(202)  exec  
File:D:\WWW\filemanage\ThinkPHP\Library\Think\Think.class.php(120)  run  
File:D:\WWW\filemanage\ThinkPHP\ThinkPHP.php(97)  start  
File:D:\WWW\filemanage\index.php(30)  require  
ERR: SQLSTATE[42S22]: Column not found: 1054 Unknown column 'ys_student.classs_id' in 'where clause'

[2016-11-23 21:42:13] ::1 /filemanage/index.php/Home/Count/studentCount
INFO: [ app_init ] --START--
INFO: Run Behavior\BuildLiteBehavior [ RunTime:0.000000s ]
INFO: Run Behavior\FlashBehaviors [ RunTime:0.001000s ]
INFO: [ app_init ] --END-- [ RunTime:0.002000s ]

[2016-11-23 21:44:06] ::1 /filemanage/index.php/Home/Count/studentCount
INFO: [ app_init ] --START--
INFO: Run Behavior\BuildLiteBehavior [ RunTime:0.000000s ]
INFO: Run Behavior\FlashBehaviors [ RunTime:0.001000s ]
INFO: [ app_init ] --END-- [ RunTime:0.001000s ]
File:D:\WWW\filemanage\ThinkPHP\Library\Think\Db\Driver.class.php(169)  execute  
File:D:\WWW\filemanage\ThinkPHP\Library\Think\Model.class.php(1378)  query  
File:D:\WWW\filemanage\Application\Home\Model\CountModel.class.php(246)  query  
File:D:\WWW\filemanage\Application\Home\Controller\CountController.class.php(102)  getstudentCount  
File:()  studentCount  
File:D:\WWW\filemanage\ThinkPHP\Library\Think\App.class.php(164)  invoke  
File:D:\WWW\filemanage\ThinkPHP\Library\Think\App.class.php(202)  exec  
File:D:\WWW\filemanage\ThinkPHP\Library\Think\Think.class.php(120)  run  
File:D:\WWW\filemanage\ThinkPHP\ThinkPHP.php(97)  start  
File:D:\WWW\filemanage\index.php(30)  require  
ERR: SQLSTATE[42S22]: Column not found: 1054 Unknown column 'ys_student.classs_id' in 'where clause'

[2016-11-23 21:44:16] ::1 /filemanage/index.php/Home/Count/studentCount
INFO: [ app_init ] --START--
INFO: Run Behavior\BuildLiteBehavior [ RunTime:0.000000s ]
INFO: Run Behavior\FlashBehaviors [ RunTime:0.001000s ]
INFO: [ app_init ] --END-- [ RunTime:0.002000s ]
File:D:\WWW\filemanage\ThinkPHP\Library\Think\Db\Driver.class.php(169)  execute  
File:D:\WWW\filemanage\ThinkPHP\Library\Think\Model.class.php(1378)  query  
File:D:\WWW\filemanage\Application\Home\Model\CountModel.class.php(246)  query  
File:D:\WWW\filemanage\Application\Home\Controller\CountController.class.php(102)  getstudentCount  
File:()  studentCount  
File:D:\WWW\filemanage\ThinkPHP\Library\Think\App.class.php(164)  invoke  
File:D:\WWW\filemanage\ThinkPHP\Library\Think\App.class.php(202)  exec  
File:D:\WWW\filemanage\ThinkPHP\Library\Think\Think.class.php(120)  run  
File:D:\WWW\filemanage\ThinkPHP\ThinkPHP.php(97)  start  
File:D:\WWW\filemanage\index.php(30)  require  
ERR: SQLSTATE[42S22]: Column not found: 1054 Unknown column 'ys_student.class_id' in 'where clause'

[2016-11-23 21:44:26] ::1 /filemanage/index.php/Home/Count/studentCount
INFO: [ app_init ] --START--
INFO: Run Behavior\BuildLiteBehavior [ RunTime:0.000000s ]
INFO: Run Behavior\FlashBehaviors [ RunTime:0.000000s ]
INFO: [ app_init ] --END-- [ RunTime:0.001000s ]
File:D:\WWW\filemanage\ThinkPHP\Library\Think\Db\Driver.class.php(169)  execute  
File:D:\WWW\filemanage\ThinkPHP\Library\Think\Model.class.php(1378)  query  
File:D:\WWW\filemanage\Application\Home\Model\CountModel.class.php(246)  query  
File:D:\WWW\filemanage\Application\Home\Controller\CountController.class.php(102)  getstudentCount  
File:()  studentCount  
File:D:\WWW\filemanage\ThinkPHP\Library\Think\App.class.php(164)  invoke  
File:D:\WWW\filemanage\ThinkPHP\Library\Think\App.class.php(202)  exec  
File:D:\WWW\filemanage\ThinkPHP\Library\Think\Think.class.php(120)  run  
File:D:\WWW\filemanage\ThinkPHP\ThinkPHP.php(97)  start  
File:D:\WWW\filemanage\index.php(30)  require  
ERR: SQLSTATE[42S22]: Column not found: 1054 Unknown column 'ys_student.id' in 'where clause'

[2016-11-23 21:44:27] ::1 /filemanage/index.php/Home/Count/studentCount
INFO: [ app_init ] --START--
INFO: Run Behavior\BuildLiteBehavior [ RunTime:0.000000s ]
INFO: Run Behavior\FlashBehaviors [ RunTime:0.000000s ]
INFO: [ app_init ] --END-- [ RunTime:0.001000s ]
File:D:\WWW\filemanage\ThinkPHP\Library\Think\Db\Driver.class.php(169)  execute  
File:D:\WWW\filemanage\ThinkPHP\Library\Think\Model.class.php(1378)  query  
File:D:\WWW\filemanage\Application\Home\Model\CountModel.class.php(246)  query  
File:D:\WWW\filemanage\Application\Home\Controller\CountController.class.php(102)  getstudentCount  
File:()  studentCount  
File:D:\WWW\filemanage\ThinkPHP\Library\Think\App.class.php(164)  invoke  
File:D:\WWW\filemanage\ThinkPHP\Library\Think\App.class.php(202)  exec  
File:D:\WWW\filemanage\ThinkPHP\Library\Think\Think.class.php(120)  run  
File:D:\WWW\filemanage\ThinkPHP\ThinkPHP.php(97)  start  
File:D:\WWW\filemanage\index.php(30)  require  
ERR: SQLSTATE[42S22]: Column not found: 1054 Unknown column 'ys_student.id' in 'where clause'

[2016-11-23 21:45:31] ::1 /filemanage/index.php/Home/Count/studentCount
INFO: [ app_init ] --START--
INFO: Run Behavior\BuildLiteBehavior [ RunTime:0.000000s ]
INFO: Run Behavior\FlashBehaviors [ RunTime:0.000000s ]
INFO: [ app_init ] --END-- [ RunTime:0.001000s ]
File:D:\WWW\filemanage\ThinkPHP\Library\Think\Db\Driver.class.php(169)  execute  
File:D:\WWW\filemanage\ThinkPHP\Library\Think\Model.class.php(1378)  query  
File:D:\WWW\filemanage\Application\Home\Model\CountModel.class.php(246)  query  
File:D:\WWW\filemanage\Application\Home\Controller\CountController.class.php(102)  getstudentCount  
File:()  studentCount  
File:D:\WWW\filemanage\ThinkPHP\Library\Think\App.class.php(164)  invoke  
File:D:\WWW\filemanage\ThinkPHP\Library\Think\App.class.php(202)  exec  
File:D:\WWW\filemanage\ThinkPHP\Library\Think\Think.class.php(120)  run  
File:D:\WWW\filemanage\ThinkPHP\ThinkPHP.php(97)  start  
File:D:\WWW\filemanage\index.php(30)  require  
ERR: SQLSTATE[42S22]: Column not found: 1054 Unknown column 'ys_student.id' in 'where clause'

[2016-11-23 21:45:49] ::1 /filemanage/index.php/Home/Count/studentCount
INFO: [ app_init ] --START--
INFO: Run Behavior\BuildLiteBehavior [ RunTime:0.001000s ]
INFO: Run Behavior\FlashBehaviors [ RunTime:0.000000s ]
INFO: [ app_init ] --END-- [ RunTime:0.001000s ]
File:D:\WWW\filemanage\ThinkPHP\Library\Think\Db\Driver.class.php(169)  execute  
File:D:\WWW\filemanage\ThinkPHP\Library\Think\Model.class.php(1378)  query  
File:D:\WWW\filemanage\Application\Home\Model\CountModel.class.php(246)  query  
File:D:\WWW\filemanage\Application\Home\Controller\CountController.class.php(102)  getstudentCount  
File:()  studentCount  
File:D:\WWW\filemanage\ThinkPHP\Library\Think\App.class.php(164)  invoke  
File:D:\WWW\filemanage\ThinkPHP\Library\Think\App.class.php(202)  exec  
File:D:\WWW\filemanage\ThinkPHP\Library\Think\Think.class.php(120)  run  
File:D:\WWW\filemanage\ThinkPHP\ThinkPHP.php(97)  start  
File:D:\WWW\filemanage\index.php(30)  require  
ERR: SQLSTATE[42S22]: Column not found: 1054 Unknown column 'ys_student.class_id' in 'where clause'

[2016-11-23 21:46:22] ::1 /filemanage/index.php/Home/Count/studentCount
INFO: [ app_init ] --START--
INFO: Run Behavior\BuildLiteBehavior [ RunTime:0.000000s ]
INFO: Run Behavior\FlashBehaviors [ RunTime:0.001000s ]
INFO: [ app_init ] --END-- [ RunTime:0.003000s ]
File:D:\WWW\filemanage\ThinkPHP\Library\Think\Db\Driver.class.php(169)  execute  
File:D:\WWW\filemanage\ThinkPHP\Library\Think\Model.class.php(1378)  query  
File:D:\WWW\filemanage\Application\Home\Model\CountModel.class.php(247)  query  
File:D:\WWW\filemanage\Application\Home\Controller\CountController.class.php(102)  getstudentCount  
File:()  studentCount  
File:D:\WWW\filemanage\ThinkPHP\Library\Think\App.class.php(164)  invoke  
File:D:\WWW\filemanage\ThinkPHP\Library\Think\App.class.php(202)  exec  
File:D:\WWW\filemanage\ThinkPHP\Library\Think\Think.class.php(120)  run  
File:D:\WWW\filemanage\ThinkPHP\ThinkPHP.php(97)  start  
File:D:\WWW\filemanage\index.php(30)  require  
ERR: SQLSTATE[42S22]: Column not found: 1054 Unknown column 'ys_student.class_id' in 'where clause'

[2016-11-23 21:47:06] ::1 /filemanage/index.php/Home/Count/studentCount
INFO: [ app_init ] --START--
INFO: Run Behavior\BuildLiteBehavior [ RunTime:0.000000s ]
INFO: Run Behavior\FlashBehaviors [ RunTime:0.001000s ]
INFO: [ app_init ] --END-- [ RunTime:0.001000s ]

[2016-11-23 21:47:55] ::1 /filemanage/index.php/Home/Count/studentCount
INFO: [ app_init ] --START--
INFO: Run Behavior\BuildLiteBehavior [ RunTime:0.000000s ]
INFO: Run Behavior\FlashBehaviors [ RunTime:0.000000s ]
INFO: [ app_init ] --END-- [ RunTime:0.001000s ]

[2016-11-23 21:48:05] ::1 /filemanage/index.php/Home/Count/studentCount
INFO: [ app_init ] --START--
INFO: Run Behavior\BuildLiteBehavior [ RunTime:0.000000s ]
INFO: Run Behavior\FlashBehaviors [ RunTime:0.001000s ]
INFO: [ app_init ] --END-- [ RunTime:0.001000s ]

[2016-11-23 21:48:37] ::1 /filemanage/index.php/Home/Count/studentCount
INFO: [ app_init ] --START--
INFO: Run Behavior\BuildLiteBehavior [ RunTime:0.000000s ]
INFO: Run Behavior\FlashBehaviors [ RunTime:0.002001s ]
INFO: [ app_init ] --END-- [ RunTime:0.003001s ]

[2016-11-23 21:49:31] ::1 /filemanage/index.php/Home/Count/studentCount
INFO: [ app_init ] --START--
INFO: Run Behavior\BuildLiteBehavior [ RunTime:0.000000s ]
INFO: Run Behavior\FlashBehaviors [ RunTime:0.001000s ]
INFO: [ app_init ] --END-- [ RunTime:0.001000s ]

[2016-11-23 21:50:17] ::1 /filemanage/index.php/Home/Count/studentCount
INFO: [ app_init ] --START--
INFO: Run Behavior\BuildLiteBehavior [ RunTime:0.000000s ]
INFO: Run Behavior\FlashBehaviors [ RunTime:0.000000s ]
INFO: [ app_init ] --END-- [ RunTime:0.001000s ]

[2016-11-23 21:50:42] ::1 /filemanage/index.php/Home/Count/studentCount
INFO: [ app_init ] --START--
INFO: Run Behavior\BuildLiteBehavior [ RunTime:0.000000s ]
INFO: Run Behavior\FlashBehaviors [ RunTime:0.001000s ]
INFO: [ app_init ] --END-- [ RunTime:0.002000s ]

[2016-11-23 21:50:56] ::1 /filemanage/index.php/Home/Count/studentCount
INFO: [ app_init ] --START--
INFO: Run Behavior\BuildLiteBehavior [ RunTime:0.000000s ]
INFO: Run Behavior\FlashBehaviors [ RunTime:0.001000s ]
INFO: [ app_init ] --END-- [ RunTime:0.001000s ]

[2016-11-23 21:52:33] ::1 /filemanage/index.php/Home/Count/studentCount
INFO: [ app_init ] --START--
INFO: Run Behavior\BuildLiteBehavior [ RunTime:0.000000s ]
INFO: Run Behavior\FlashBehaviors [ RunTime:0.001000s ]
INFO: [ app_init ] --END-- [ RunTime:0.001000s ]

[2016-11-23 21:52:36] ::1 /filemanage/index.php/Home/Count/studentCount
INFO: [ app_init ] --START--
INFO: Run Behavior\BuildLiteBehavior [ RunTime:0.000000s ]
INFO: Run Behavior\FlashBehaviors [ RunTime:0.001000s ]
INFO: [ app_init ] --END-- [ RunTime:0.002000s ]

[2016-11-23 21:52:49] ::1 /filemanage/index.php/Home/Count/studentCount
INFO: [ app_init ] --START--
INFO: Run Behavior\BuildLiteBehavior [ RunTime:0.000000s ]
INFO: Run Behavior\FlashBehaviors [ RunTime:0.001000s ]
INFO: [ app_init ] --END-- [ RunTime:0.002000s ]

[2016-11-23 21:53:00] ::1 /filemanage/index.php/Home/Count/studentCount
INFO: [ app_init ] --START--
INFO: Run Behavior\BuildLiteBehavior [ RunTime:0.000000s ]
INFO: Run Behavior\FlashBehaviors [ RunTime:0.000000s ]
INFO: [ app_init ] --END-- [ RunTime:0.001000s ]

[2016-11-23 21:53:56] ::1 /filemanage/index.php/Home/Count/studentCount
INFO: [ app_init ] --START--
INFO: Run Behavior\BuildLiteBehavior [ RunTime:0.000000s ]
INFO: Run Behavior\FlashBehaviors [ RunTime:0.001000s ]
INFO: [ app_init ] --END-- [ RunTime:0.002000s ]

[2016-11-23 21:54:30] ::1 /filemanage/index.php/Home/Count/studentCount
INFO: [ app_init ] --START--
INFO: Run Behavior\BuildLiteBehavior [ RunTime:0.000000s ]
INFO: Run Behavior\FlashBehaviors [ RunTime:0.001000s ]
INFO: [ app_init ] --END-- [ RunTime:0.002001s ]

[2016-11-23 21:54:38] ::1 /filemanage/index.php/Home/Count/changeCount?year=2015&year=2012
INFO: [ app_init ] --START--
INFO: Run Behavior\BuildLiteBehavior [ RunTime:0.000000s ]
INFO: Run Behavior\FlashBehaviors [ RunTime:0.000000s ]
INFO: [ app_init ] --END-- [ RunTime:0.001000s ]

[2016-11-23 21:54:44] ::1 /filemanage/index.php/Home/Count/studentCount
INFO: [ app_init ] --START--
INFO: Run Behavior\BuildLiteBehavior [ RunTime:0.000000s ]
INFO: Run Behavior\FlashBehaviors [ RunTime:0.001000s ]
INFO: [ app_init ] --END-- [ RunTime:0.001000s ]

[2016-11-23 21:55:11] ::1 /filemanage/index.php/Home/Count/studentCount
INFO: [ app_init ] --START--
INFO: Run Behavior\BuildLiteBehavior [ RunTime:0.000000s ]
INFO: Run Behavior\FlashBehaviors [ RunTime:0.001000s ]
INFO: [ app_init ] --END-- [ RunTime:0.002000s ]

[2016-11-23 21:55:17] ::1 /filemanage/index.php/Home/Count/studentCount?year=2013&year=2010
INFO: [ app_init ] --START--
INFO: Run Behavior\BuildLiteBehavior [ RunTime:0.000000s ]
INFO: Run Behavior\FlashBehaviors [ RunTime:0.001000s ]
INFO: [ app_init ] --END-- [ RunTime:0.001000s ]

[2016-11-23 21:55:54] ::1 /filemanage/index.php/Home/Count/studentCount?year=2013&year=2010
INFO: [ app_init ] --START--
INFO: Run Behavior\BuildLiteBehavior [ RunTime:0.000000s ]
INFO: Run Behavior\FlashBehaviors [ RunTime:0.000000s ]
INFO: [ app_init ] --END-- [ RunTime:0.001000s ]

[2016-11-23 21:56:00] ::1 /filemanage/index.php/Home/Count/studentCount?startyear=2011&endyear=2016
INFO: [ app_init ] --START--
INFO: Run Behavior\BuildLiteBehavior [ RunTime:0.000000s ]
INFO: Run Behavior\FlashBehaviors [ RunTime:0.001000s ]
INFO: [ app_init ] --END-- [ RunTime:0.001000s ]

[2016-11-23 21:56:08] ::1 /filemanage/index.php/Home/Count/studentCount?startyear=2016&endyear=2011
INFO: [ app_init ] --START--
INFO: Run Behavior\BuildLiteBehavior [ RunTime:0.000000s ]
INFO: Run Behavior\FlashBehaviors [ RunTime:0.001000s ]
INFO: [ app_init ] --END-- [ RunTime:0.002000s ]

[2016-11-23 21:57:51] ::1 /filemanage/index.php/Home/Count/studentCount?startyear=2016&endyear=2011
INFO: [ app_init ] --START--
INFO: Run Behavior\BuildLiteBehavior [ RunTime:0.000000s ]
INFO: Run Behavior\FlashBehaviors [ RunTime:0.001000s ]
INFO: [ app_init ] --END-- [ RunTime:0.002000s ]

[2016-11-23 21:57:55] ::1 /filemanage/index.php/Home/Count/studentCount
INFO: [ app_init ] --START--
INFO: Run Behavior\BuildLiteBehavior [ RunTime:0.000000s ]
INFO: Run Behavior\FlashBehaviors [ RunTime:0.000000s ]
INFO: [ app_init ] --END-- [ RunTime:0.001000s ]

[2016-11-23 21:59:20] ::1 /filemanage/index.php/Home/File/showList
INFO: [ app_init ] --START--
INFO: Run Behavior\BuildLiteBehavior [ RunTime:0.000000s ]
INFO: Run Behavior\FlashBehaviors [ RunTime:0.000000s ]
INFO: [ app_init ] --END-- [ RunTime:0.001000s ]

[2016-11-23 21:59:23] ::1 /filemanage/index.php/Home/File/showList?file_temp_id=13&searchValue=
INFO: [ app_init ] --START--
INFO: Run Behavior\BuildLiteBehavior [ RunTime:0.000000s ]
INFO: Run Behavior\FlashBehaviors [ RunTime:0.001000s ]
INFO: [ app_init ] --END-- [ RunTime:0.002000s ]

[2016-11-23 21:59:25] ::1 /filemanage/index.php/Home/File/detail?type=menu&id=12
INFO: [ app_init ] --START--
INFO: Run Behavior\BuildLiteBehavior [ RunTime:0.000000s ]
INFO: Run Behavior\FlashBehaviors [ RunTime:0.000000s ]
INFO: [ app_init ] --END-- [ RunTime:0.002000s ]

[2016-11-23 21:59:29] ::1 /filemanage/index.php/Home/FileTemp/showList
INFO: [ app_init ] --START--
INFO: Run Behavior\BuildLiteBehavior [ RunTime:0.000000s ]
INFO: Run Behavior\FlashBehaviors [ RunTime:0.001000s ]
INFO: [ app_init ] --END-- [ RunTime:0.001000s ]

[2016-11-23 21:59:32] ::1 /filemanage/index.php/Home/FileTemp/detail?type=menu&id=13
INFO: [ app_init ] --START--
INFO: Run Behavior\BuildLiteBehavior [ RunTime:0.000000s ]
INFO: Run Behavior\FlashBehaviors [ RunTime:0.000000s ]
INFO: [ app_init ] --END-- [ RunTime:0.006001s ]
File:D:\WWW\filemanage\ThinkPHP\Library\Think\View.class.php(110)  E  
File:D:\WWW\filemanage\ThinkPHP\Library\Think\View.class.php(72)  fetch  
File:D:\WWW\filemanage\ThinkPHP\Library\Think\Controller.class.php(56)  display  
File:D:\WWW\filemanage\Application\Home\Controller\FileTempController.class.php(31)  display  
File:()  detail  
File:D:\WWW\filemanage\ThinkPHP\Library\Think\App.class.php(164)  invoke  
File:D:\WWW\filemanage\ThinkPHP\Library\Think\App.class.php(202)  exec  
File:D:\WWW\filemanage\ThinkPHP\Library\Think\Think.class.php(120)  run  
File:D:\WWW\filemanage\ThinkPHP\ThinkPHP.php(97)  start  
File:D:\WWW\filemanage\index.php(30)  require  
ERR: 模板不存在:./Application/Home/View/FileTemp/detail.html

[2016-11-23 21:59:36] ::1 /filemanage/index.php/Home/File/showList
INFO: [ app_init ] --START--
INFO: Run Behavior\BuildLiteBehavior [ RunTime:0.000000s ]
INFO: Run Behavior\FlashBehaviors [ RunTime:0.001000s ]
INFO: [ app_init ] --END-- [ RunTime:0.002000s ]

[2016-11-23 21:59:39] ::1 /filemanage/index.php/Home/File/showList?file_temp_id=&searchValue=
INFO: [ app_init ] --START--
INFO: Run Behavior\BuildLiteBehavior [ RunTime:0.000000s ]
INFO: Run Behavior\FlashBehaviors [ RunTime:0.000000s ]
INFO: [ app_init ] --END-- [ RunTime:0.001001s ]

[2016-11-23 22:00:21] ::1 /filemanage/index.php/Home/Login/logout
INFO: [ app_init ] --START--
INFO: Run Behavior\BuildLiteBehavior [ RunTime:0.000000s ]
INFO: Run Behavior\FlashBehaviors [ RunTime:0.001000s ]
INFO: [ app_init ] --END-- [ RunTime:0.002000s ]

[2016-11-23 22:00:22] ::1 /filemanage/index.php/Home/Login/index
INFO: [ app_init ] --START--
INFO: Run Behavior\BuildLiteBehavior [ RunTime:0.000000s ]
INFO: Run Behavior\FlashBehaviors [ RunTime:0.001000s ]
INFO: [ app_init ] --END-- [ RunTime:0.001000s ]

[2016-11-23 22:00:33] ::1 /filemanage/index.php/Home/Login/checkLogin?account=admin&password=123456&type=1
INFO: [ app_init ] --START--
INFO: Run Behavior\BuildLiteBehavior [ RunTime:0.000000s ]
INFO: Run Behavior\FlashBehaviors [ RunTime:0.000000s ]
INFO: [ app_init ] --END-- [ RunTime:0.001001s ]

[2016-11-23 22:00:34] ::1 /filemanage/index.php/Home/Index/index
INFO: [ app_init ] --START--
INFO: Run Behavior\BuildLiteBehavior [ RunTime:0.000000s ]
INFO: Run Behavior\FlashBehaviors [ RunTime:0.000000s ]
INFO: [ app_init ] --END-- [ RunTime:0.001000s ]

[2016-11-23 22:00:37] ::1 /filemanage/index.php/Home/File/showList
INFO: [ app_init ] --START--
INFO: Run Behavior\BuildLiteBehavior [ RunTime:0.000000s ]
INFO: Run Behavior\FlashBehaviors [ RunTime:0.000000s ]
INFO: [ app_init ] --END-- [ RunTime:0.002000s ]

[2016-11-23 22:00:40] ::1 /filemanage/index.php/Home/File/showList?file_temp_id=12&searchValue=
INFO: [ app_init ] --START--
INFO: Run Behavior\BuildLiteBehavior [ RunTime:0.000000s ]
INFO: Run Behavior\FlashBehaviors [ RunTime:0.001000s ]
INFO: [ app_init ] --END-- [ RunTime:0.002000s ]

[2016-11-23 22:00:42] ::1 /filemanage/index.php/Home/File/modify?type=menu&id=11
INFO: [ app_init ] --START--
INFO: Run Behavior\BuildLiteBehavior [ RunTime:0.000000s ]
INFO: Run Behavior\FlashBehaviors [ RunTime:0.001000s ]
INFO: [ app_init ] --END-- [ RunTime:0.002000s ]
File:D:\WWW\filemanage\ThinkPHP\Library\Think\View.class.php(110)  E  
File:D:\WWW\filemanage\ThinkPHP\Library\Think\View.class.php(72)  fetch  
File:D:\WWW\filemanage\ThinkPHP\Library\Think\Controller.class.php(56)  display  
File:D:\WWW\filemanage\Application\Home\Controller\FileController.class.php(68)  display  
File:()  modify  
File:D:\WWW\filemanage\ThinkPHP\Library\Think\App.class.php(164)  invoke  
File:D:\WWW\filemanage\ThinkPHP\Library\Think\App.class.php(202)  exec  
File:D:\WWW\filemanage\ThinkPHP\Library\Think\Think.class.php(120)  run  
File:D:\WWW\filemanage\ThinkPHP\ThinkPHP.php(97)  start  
File:D:\WWW\filemanage\index.php(30)  require  
ERR: 模板不存在:./Application/Home/View/File/modify.html

[2016-11-23 22:00:49] ::1 /filemanage/index.php/Home/File/add?type=menu
INFO: [ app_init ] --START--
INFO: Run Behavior\BuildLiteBehavior [ RunTime:0.000000s ]
INFO: Run Behavior\FlashBehaviors [ RunTime:0.000000s ]
INFO: [ app_init ] --END-- [ RunTime:0.001000s ]

[2016-11-23 22:00:52] ::1 /filemanage/index.php/Home/File/add?type=menu&file_temp_id=13
INFO: [ app_init ] --START--
INFO: Run Behavior\BuildLiteBehavior [ RunTime:0.000000s ]
INFO: Run Behavior\FlashBehaviors [ RunTime:0.001000s ]
INFO: [ app_init ] --END-- [ RunTime:0.002000s ]

[2016-11-23 22:00:59] ::1 /filemanage/index.php/Home/FileTemp/showList
INFO: [ app_init ] --START--
INFO: Run Behavior\BuildLiteBehavior [ RunTime:0.000000s ]
INFO: Run Behavior\FlashBehaviors [ RunTime:0.000000s ]
INFO: [ app_init ] --END-- [ RunTime:0.001000s ]

[2016-11-23 22:01:02] ::1 /filemanage/index.php/Home/FileTemp/modify?type=menu&id=12
INFO: [ app_init ] --START--
INFO: Run Behavior\BuildLiteBehavior [ RunTime:0.000000s ]
INFO: Run Behavior\FlashBehaviors [ RunTime:0.000000s ]
INFO: [ app_init ] --END-- [ RunTime:0.001000s ]

[2016-11-23 22:01:23] ::1 /filemanage/index.php/Home/FileTemp/showList
INFO: [ app_init ] --START--
INFO: Run Behavior\BuildLiteBehavior [ RunTime:0.000000s ]
INFO: Run Behavior\FlashBehaviors [ RunTime:0.001001s ]
INFO: [ app_init ] --END-- [ RunTime:0.001001s ]

[2016-11-23 22:01:26] ::1 /filemanage/index.php/Home/FileTemp/modify?type=menu&id=13
INFO: [ app_init ] --START--
INFO: Run Behavior\BuildLiteBehavior [ RunTime:0.000000s ]
INFO: Run Behavior\FlashBehaviors [ RunTime:0.000000s ]
INFO: [ app_init ] --END-- [ RunTime:0.001000s ]

[2016-11-23 22:01:30] ::1 /filemanage/index.php/Home/File/showList
INFO: [ app_init ] --START--
INFO: Run Behavior\BuildLiteBehavior [ RunTime:0.000000s ]
INFO: Run Behavior\FlashBehaviors [ RunTime:0.000000s ]
INFO: [ app_init ] --END-- [ RunTime:0.002000s ]

[2016-11-23 22:01:34] ::1 /filemanage/index.php/Home/File/showList?file_temp_id=12&searchValue=
INFO: [ app_init ] --START--
INFO: Run Behavior\BuildLiteBehavior [ RunTime:0.000000s ]
INFO: Run Behavior\FlashBehaviors [ RunTime:0.000000s ]
INFO: [ app_init ] --END-- [ RunTime:0.001000s ]

[2016-11-23 22:01:39] ::1 /filemanage/index.php/Home/File/modify?type=menu&id=11
INFO: [ app_init ] --START--
INFO: Run Behavior\BuildLiteBehavior [ RunTime:0.000000s ]
INFO: Run Behavior\FlashBehaviors [ RunTime:0.000000s ]
INFO: [ app_init ] --END-- [ RunTime:0.001000s ]
File:D:\WWW\filemanage\ThinkPHP\Library\Think\View.class.php(110)  E  
File:D:\WWW\filemanage\ThinkPHP\Library\Think\View.class.php(72)  fetch  
File:D:\WWW\filemanage\ThinkPHP\Library\Think\Controller.class.php(56)  display  
File:D:\WWW\filemanage\Application\Home\Controller\FileController.class.php(68)  display  
File:()  modify  
File:D:\WWW\filemanage\ThinkPHP\Library\Think\App.class.php(164)  invoke  
File:D:\WWW\filemanage\ThinkPHP\Library\Think\App.class.php(202)  exec  
File:D:\WWW\filemanage\ThinkPHP\Library\Think\Think.class.php(120)  run  
File:D:\WWW\filemanage\ThinkPHP\ThinkPHP.php(97)  start  
File:D:\WWW\filemanage\index.php(30)  require  
ERR: 模板不存在:./Application/Home/View/File/modify.html

[2016-11-23 22:01:44] ::1 /filemanage/index.php/Home/File/add?type=menu
INFO: [ app_init ] --START--
INFO: Run Behavior\BuildLiteBehavior [ RunTime:0.000000s ]
INFO: Run Behavior\FlashBehaviors [ RunTime:0.001000s ]
INFO: [ app_init ] --END-- [ RunTime:0.002000s ]

[2016-11-23 22:01:46] ::1 /filemanage/index.php/Home/File/add?type=menu&file_temp_id=12
INFO: [ app_init ] --START--
INFO: Run Behavior\BuildLiteBehavior [ RunTime:0.000000s ]
INFO: Run Behavior\FlashBehaviors [ RunTime:0.001000s ]
INFO: [ app_init ] --END-- [ RunTime:0.001000s ]

[2016-11-23 22:01:50] ::1 /filemanage/index.php/Home/File/showList
INFO: [ app_init ] --START--
INFO: Run Behavior\BuildLiteBehavior [ RunTime:0.000000s ]
INFO: Run Behavior\FlashBehaviors [ RunTime:0.001000s ]
INFO: [ app_init ] --END-- [ RunTime:0.002000s ]

[2016-11-23 22:01:53] ::1 /filemanage/index.php/Home/File/showList?file_temp_id=12&searchValue=
INFO: [ app_init ] --START--
INFO: Run Behavior\BuildLiteBehavior [ RunTime:0.000000s ]
INFO: Run Behavior\FlashBehaviors [ RunTime:0.000000s ]
INFO: [ app_init ] --END-- [ RunTime:0.001000s ]

[2016-11-23 22:04:47] ::1 /filemanage/index.php/Home/FileTemp/showList
INFO: [ app_init ] --START--
INFO: Run Behavior\BuildLiteBehavior [ RunTime:0.000000s ]
INFO: Run Behavior\FlashBehaviors [ RunTime:0.001000s ]
INFO: [ app_init ] --END-- [ RunTime:0.002000s ]

[2016-11-23 22:04:49] ::1 /filemanage/index.php/Home/FileTemp/modify?type=menu&id=13
INFO: [ app_init ] --START--
INFO: Run Behavior\BuildLiteBehavior [ RunTime:0.000000s ]
INFO: Run Behavior\FlashBehaviors [ RunTime:0.001000s ]
INFO: [ app_init ] --END-- [ RunTime:0.001000s ]

[2016-11-23 22:04:55] ::1 /filemanage/index.php/Home/FileTemp/detail?type=menu&id=13
INFO: [ app_init ] --START--
INFO: Run Behavior\BuildLiteBehavior [ RunTime:0.000000s ]
INFO: Run Behavior\FlashBehaviors [ RunTime:0.000000s ]
INFO: [ app_init ] --END-- [ RunTime:0.001000s ]

[2016-11-23 22:05:57] ::1 /filemanage/index.php/Home/FileTemp/detail?type=menu&id=13
INFO: [ app_init ] --START--
INFO: Run Behavior\BuildLiteBehavior [ RunTime:0.000000s ]
INFO: Run Behavior\FlashBehaviors [ RunTime:0.001000s ]
INFO: [ app_init ] --END-- [ RunTime:0.002000s ]

[2016-11-23 22:06:20] ::1 /filemanage/index.php/Home/FileTemp/detail?type=menu&id=13
INFO: [ app_init ] --START--
INFO: Run Behavior\BuildLiteBehavior [ RunTime:0.000000s ]
INFO: Run Behavior\FlashBehaviors [ RunTime:0.000000s ]
INFO: [ app_init ] --END-- [ RunTime:0.001000s ]

[2016-11-23 22:06:26] ::1 /filemanage/index.php/Home/File/showList
INFO: [ app_init ] --START--
INFO: Run Behavior\BuildLiteBehavior [ RunTime:0.000000s ]
INFO: Run Behavior\FlashBehaviors [ RunTime:0.001000s ]
INFO: [ app_init ] --END-- [ RunTime:0.001000s ]

[2016-11-23 22:06:33] ::1 /filemanage/index.php/Home/File/add?type=menu
INFO: [ app_init ] --START--
INFO: Run Behavior\BuildLiteBehavior [ RunTime:0.000000s ]
INFO: Run Behavior\FlashBehaviors [ RunTime:0.000000s ]
INFO: [ app_init ] --END-- [ RunTime:0.001000s ]

[2016-11-23 22:06:35] ::1 /filemanage/index.php/Home/File/add?type=menu&file_temp_id=12
INFO: [ app_init ] --START--
INFO: Run Behavior\BuildLiteBehavior [ RunTime:0.000000s ]
INFO: Run Behavior\FlashBehaviors [ RunTime:0.001000s ]
INFO: [ app_init ] --END-- [ RunTime:0.002000s ]

[2016-11-23 22:07:34] ::1 /filemanage/index.php/Home/File/showList
INFO: [ app_init ] --START--
INFO: Run Behavior\BuildLiteBehavior [ RunTime:0.000000s ]
INFO: Run Behavior\FlashBehaviors [ RunTime:0.000000s ]
INFO: [ app_init ] --END-- [ RunTime:0.001000s ]

[2016-11-23 22:07:40] ::1 /filemanage/index.php/Home/File/showList?file_temp_id=12&searchValue=
INFO: [ app_init ] --START--
INFO: Run Behavior\BuildLiteBehavior [ RunTime:0.000000s ]
INFO: Run Behavior\FlashBehaviors [ RunTime:0.001000s ]
INFO: [ app_init ] --END-- [ RunTime:0.001000s ]

[2016-11-23 22:07:42] ::1 /filemanage/index.php/Home/File/modify?type=menu&id=11
INFO: [ app_init ] --START--
INFO: Run Behavior\BuildLiteBehavior [ RunTime:0.000000s ]
INFO: Run Behavior\FlashBehaviors [ RunTime:0.000000s ]
INFO: [ app_init ] --END-- [ RunTime:0.001000s ]

[2016-11-23 22:09:19] ::1 /filemanage/index.php/Home/File/modify?type=menu&id=11
INFO: [ app_init ] --START--
INFO: Run Behavior\BuildLiteBehavior [ RunTime:0.000000s ]
INFO: Run Behavior\FlashBehaviors [ RunTime:0.001001s ]
INFO: [ app_init ] --END-- [ RunTime:0.001001s ]

[2016-11-23 22:09:23] ::1 /filemanage/index.php/Home/File/add?type=menu&file_temp_id=12
INFO: [ app_init ] --START--
INFO: Run Behavior\BuildLiteBehavior [ RunTime:0.000000s ]
INFO: Run Behavior\FlashBehaviors [ RunTime:0.001000s ]
INFO: [ app_init ] --END-- [ RunTime:0.001000s ]

[2016-11-23 22:10:17] ::1 /filemanage/index.php/Home/File/add?type=menu&file_temp_id=12
INFO: [ app_init ] --START--
INFO: Run Behavior\BuildLiteBehavior [ RunTime:0.000000s ]
INFO: Run Behavior\FlashBehaviors [ RunTime:0.001000s ]
INFO: [ app_init ] --END-- [ RunTime:0.002000s ]

[2016-11-23 22:10:20] ::1 /filemanage/index.php/Home/File/showList
INFO: [ app_init ] --START--
INFO: Run Behavior\BuildLiteBehavior [ RunTime:0.000000s ]
INFO: Run Behavior\FlashBehaviors [ RunTime:0.000000s ]
INFO: [ app_init ] --END-- [ RunTime:0.001000s ]

[2016-11-23 22:10:30] ::1 /filemanage/index.php/Home/File/showList?file_temp_id=12&searchValue=
INFO: [ app_init ] --START--
INFO: Run Behavior\BuildLiteBehavior [ RunTime:0.000000s ]
INFO: Run Behavior\FlashBehaviors [ RunTime:0.000000s ]
INFO: [ app_init ] --END-- [ RunTime:0.001000s ]

[2016-11-23 22:10:33] ::1 /filemanage/index.php/Home/File/modify?type=menu&id=11
INFO: [ app_init ] --START--
INFO: Run Behavior\BuildLiteBehavior [ RunTime:0.001000s ]
INFO: Run Behavior\FlashBehaviors [ RunTime:0.000000s ]
INFO: [ app_init ] --END-- [ RunTime:0.001000s ]

[2016-11-23 22:10:58] ::1 /filemanage/index.php/Home/File/modify?type=menu&id=11
INFO: [ app_init ] --START--
INFO: Run Behavior\BuildLiteBehavior [ RunTime:0.000000s ]
INFO: Run Behavior\FlashBehaviors [ RunTime:0.000000s ]
INFO: [ app_init ] --END-- [ RunTime:0.001000s ]

[2016-11-23 22:11:10] ::1 /filemanage/index.php/Home/File/modify?type=menu&id=11
INFO: [ app_init ] --START--
INFO: Run Behavior\BuildLiteBehavior [ RunTime:0.000000s ]
INFO: Run Behavior\FlashBehaviors [ RunTime:0.000000s ]
INFO: [ app_init ] --END-- [ RunTime:0.001000s ]

[2016-11-23 22:11:19] ::1 /filemanage/index.php/Home/File/add?type=menu
INFO: [ app_init ] --START--
INFO: Run Behavior\BuildLiteBehavior [ RunTime:0.000000s ]
INFO: Run Behavior\FlashBehaviors [ RunTime:0.001000s ]
INFO: [ app_init ] --END-- [ RunTime:0.002000s ]

[2016-11-23 22:11:22] ::1 /filemanage/index.php/Home/File/add?type=menu&file_temp_id=12
INFO: [ app_init ] --START--
INFO: Run Behavior\BuildLiteBehavior [ RunTime:0.000000s ]
INFO: Run Behavior\FlashBehaviors [ RunTime:0.000000s ]
INFO: [ app_init ] --END-- [ RunTime:0.002000s ]

[2016-11-23 22:12:43] ::1 /filemanage/index.php/Home/File/showList
INFO: [ app_init ] --START--
INFO: Run Behavior\BuildLiteBehavior [ RunTime:0.000000s ]
INFO: Run Behavior\FlashBehaviors [ RunTime:0.002000s ]
INFO: [ app_init ] --END-- [ RunTime:0.003000s ]

[2016-11-23 22:12:47] ::1 /filemanage/index.php/Home/File/showList?file_temp_id=12&searchValue=
INFO: [ app_init ] --START--
INFO: Run Behavior\BuildLiteBehavior [ RunTime:0.000000s ]
INFO: Run Behavior\FlashBehaviors [ RunTime:0.001000s ]
INFO: [ app_init ] --END-- [ RunTime:0.002000s ]

[2016-11-23 22:12:50] ::1 /filemanage/index.php/Home/File/modify?type=menu&id=11
INFO: [ app_init ] --START--
INFO: Run Behavior\BuildLiteBehavior [ RunTime:0.000000s ]
INFO: Run Behavior\FlashBehaviors [ RunTime:0.001000s ]
INFO: [ app_init ] --END-- [ RunTime:0.001000s ]

[2016-11-23 22:12:56] ::1 /filemanage/index.php/Home/File/detail?type=menu&id=11
INFO: [ app_init ] --START--
INFO: Run Behavior\BuildLiteBehavior [ RunTime:0.000000s ]
INFO: Run Behavior\FlashBehaviors [ RunTime:0.001001s ]
INFO: [ app_init ] --END-- [ RunTime:0.001001s ]

[2016-11-23 22:12:59] ::1 /filemanage/index.php/Home/File/detail?type=menu&id=11
INFO: [ app_init ] --START--
INFO: Run Behavior\BuildLiteBehavior [ RunTime:0.000000s ]
INFO: Run Behavior\FlashBehaviors [ RunTime:0.000000s ]
INFO: [ app_init ] --END-- [ RunTime:0.001000s ]

[2016-11-23 22:13:43] ::1 /filemanage/index.php/Home/File/showList
INFO: [ app_init ] --START--
INFO: Run Behavior\BuildLiteBehavior [ RunTime:0.000000s ]
INFO: Run Behavior\FlashBehaviors [ RunTime:0.001000s ]
INFO: [ app_init ] --END-- [ RunTime:0.001000s ]

[2016-11-23 22:13:48] ::1 /filemanage/index.php/Home/File/showList?file_temp_id=12&searchValue=
INFO: [ app_init ] --START--
INFO: Run Behavior\BuildLiteBehavior [ RunTime:0.000000s ]
INFO: Run Behavior\FlashBehaviors [ RunTime:0.000000s ]
INFO: [ app_init ] --END-- [ RunTime:0.001000s ]

[2016-11-23 22:13:50] ::1 /filemanage/index.php/Home/File/modify?type=menu&id=11
INFO: [ app_init ] --START--
INFO: Run Behavior\BuildLiteBehavior [ RunTime:0.000000s ]
INFO: Run Behavior\FlashBehaviors [ RunTime:0.001000s ]
INFO: [ app_init ] --END-- [ RunTime:0.002000s ]

[2016-11-23 22:14:16] ::1 /filemanage/index.php/Home/File/modify?type=menu&id=11
INFO: [ app_init ] --START--
INFO: Run Behavior\BuildLiteBehavior [ RunTime:0.000000s ]
INFO: Run Behavior\FlashBehaviors [ RunTime:0.000000s ]
INFO: [ app_init ] --END-- [ RunTime:0.001000s ]

[2016-11-23 22:14:30] ::1 /filemanage/index.php/Home/File/modify?type=menu&id=11
INFO: [ app_init ] --START--
INFO: Run Behavior\BuildLiteBehavior [ RunTime:0.000000s ]
INFO: Run Behavior\FlashBehaviors [ RunTime:0.001000s ]
INFO: [ app_init ] --END-- [ RunTime:0.001000s ]

[2016-11-23 22:15:07] ::1 /filemanage/index.php/Home/File/modify?type=menu&id=11
INFO: [ app_init ] --START--
INFO: Run Behavior\BuildLiteBehavior [ RunTime:0.000000s ]
INFO: Run Behavior\FlashBehaviors [ RunTime:0.001000s ]
INFO: [ app_init ] --END-- [ RunTime:0.002000s ]

[2016-11-23 22:15:15] ::1 /filemanage/index.php/Home/File/modify?type=menu&id=11
INFO: [ app_init ] --START--
INFO: Run Behavior\BuildLiteBehavior [ RunTime:0.000000s ]
INFO: Run Behavior\FlashBehaviors [ RunTime:0.000000s ]
INFO: [ app_init ] --END-- [ RunTime:0.001000s ]

[2016-11-23 22:17:24] ::1 /filemanage/index.php/Home/File/modify?type=menu&id=11
INFO: [ app_init ] --START--
INFO: Run Behavior\BuildLiteBehavior [ RunTime:0.000000s ]
INFO: Run Behavior\FlashBehaviors [ RunTime:0.000000s ]
INFO: [ app_init ] --END-- [ RunTime:0.002000s ]

[2016-11-23 22:19:33] ::1 /filemanage/index.php/Home/File/modify?type=menu&id=11
INFO: [ app_init ] --START--
INFO: Run Behavior\BuildLiteBehavior [ RunTime:0.000000s ]
INFO: Run Behavior\FlashBehaviors [ RunTime:0.001000s ]
INFO: [ app_init ] --END-- [ RunTime:0.007001s ]

[2016-11-23 22:19:36] ::1 /filemanage/index.php/Home/File/modify?type=menu&id=11
INFO: [ app_init ] --START--
INFO: Run Behavior\BuildLiteBehavior [ RunTime:0.000000s ]
INFO: Run Behavior\FlashBehaviors [ RunTime:0.001000s ]
INFO: [ app_init ] --END-- [ RunTime:0.001000s ]

[2016-11-23 22:19:52] ::1 /filemanage/index.php/Home/File/modify?type=menu&id=11
INFO: [ app_init ] --START--
INFO: Run Behavior\BuildLiteBehavior [ RunTime:0.000000s ]
INFO: Run Behavior\FlashBehaviors [ RunTime:0.000000s ]
INFO: [ app_init ] --END-- [ RunTime:0.001000s ]

[2016-11-23 22:22:09] ::1 /filemanage/index.php/Home/File/modify?type=menu&id=11
INFO: [ app_init ] --START--
INFO: Run Behavior\BuildLiteBehavior [ RunTime:0.000000s ]
INFO: Run Behavior\FlashBehaviors [ RunTime:0.000000s ]
INFO: [ app_init ] --END-- [ RunTime:0.002000s ]

[2016-11-23 22:22:58] ::1 /filemanage/index.php/Home/File/modify?type=menu&id=11
INFO: [ app_init ] --START--
INFO: Run Behavior\BuildLiteBehavior [ RunTime:0.000000s ]
INFO: Run Behavior\FlashBehaviors [ RunTime:0.001000s ]
INFO: [ app_init ] --END-- [ RunTime:0.002000s ]

[2016-11-23 22:23:31] ::1 /filemanage/index.php/Home/File/modify?type=menu&id=11
INFO: [ app_init ] --START--
INFO: Run Behavior\BuildLiteBehavior [ RunTime:0.000000s ]
INFO: Run Behavior\FlashBehaviors [ RunTime:0.001000s ]
INFO: [ app_init ] --END-- [ RunTime:0.002000s ]

[2016-11-23 22:23:34] ::1 /filemanage/index.php/Home/File/modify?type=menu&id=11
INFO: [ app_init ] --START--
INFO: Run Behavior\BuildLiteBehavior [ RunTime:0.000000s ]
INFO: Run Behavior\FlashBehaviors [ RunTime:0.001000s ]
INFO: [ app_init ] --END-- [ RunTime:0.001000s ]

[2016-11-23 22:23:49] ::1 /filemanage/index.php/Home/File/modify?type=menu&id=11
INFO: [ app_init ] --START--
INFO: Run Behavior\BuildLiteBehavior [ RunTime:0.000000s ]
INFO: Run Behavior\FlashBehaviors [ RunTime:0.001000s ]
INFO: [ app_init ] --END-- [ RunTime:0.001000s ]

[2016-11-23 22:24:16] ::1 /filemanage/index.php/Home/File/modify?type=menu&id=11
INFO: [ app_init ] --START--
INFO: Run Behavior\BuildLiteBehavior [ RunTime:0.000000s ]
INFO: Run Behavior\FlashBehaviors [ RunTime:0.001000s ]
INFO: [ app_init ] --END-- [ RunTime:0.002000s ]

[2016-11-23 22:24:25] ::1 /filemanage/index.php/Home/File/modify?type=menu&id=10
INFO: [ app_init ] --START--
INFO: Run Behavior\BuildLiteBehavior [ RunTime:0.000000s ]
INFO: Run Behavior\FlashBehaviors [ RunTime:0.001000s ]
INFO: [ app_init ] --END-- [ RunTime:0.001000s ]

[2016-11-23 22:27:49] ::1 /filemanage/index.php/Home/File/modify?type=menu&id=10
INFO: [ app_init ] --START--
INFO: Run Behavior\BuildLiteBehavior [ RunTime:0.000000s ]
INFO: Run Behavior\FlashBehaviors [ RunTime:0.001000s ]
INFO: [ app_init ] --END-- [ RunTime:0.002000s ]

[2016-11-23 22:27:52] ::1 /filemanage/index.php/Home/File/save?id=10&dzdwmc=%E4%BF%A1%E6%81%AF%E5%AD%A6%E9%99%A2%E5%85%9A%E6%94%AF%E9%83%A8&dwh=000001&dwzn=%E7%BB%84%E7%BB%87%E5%85%9A%E5%91%98&fwfzr=%E6%B8%B8%E6%80%9D
INFO: [ app_init ] --START--
INFO: Run Behavior\BuildLiteBehavior [ RunTime:0.000000s ]
INFO: Run Behavior\FlashBehaviors [ RunTime:0.001000s ]
INFO: [ app_init ] --END-- [ RunTime:0.002000s ]

[2016-11-23 22:28:45] ::1 /filemanage/index.php/Home/File/save?id=10&dzdwmc=%E4%BF%A1%E6%81%AF%E5%AD%A6%E9%99%A2%E5%85%9A%E6%94%AF%E9%83%A8&dwh=000001&dwzn=%E7%BB%84%E7%BB%87%E5%85%9A%E5%91%98&fwfzr=%E6%B8%B8%E6%80%9D
INFO: [ app_init ] --START--
INFO: Run Behavior\BuildLiteBehavior [ RunTime:0.000000s ]
INFO: Run Behavior\FlashBehaviors [ RunTime:0.000000s ]
INFO: [ app_init ] --END-- [ RunTime:0.001000s ]

[2016-11-23 22:30:46] ::1 /filemanage/index.php/Home/File/save?id=10&dzdwmc=%E4%BF%A1%E6%81%AF%E5%AD%A6%E9%99%A2%E5%85%9A%E6%94%AF%E9%83%A8&dwh=000001&dwzn=%E7%BB%84%E7%BB%87%E5%85%9A%E5%91%98&fwfzr=%E6%B8%B8%E6%80%9D
INFO: [ app_init ] --START--
INFO: Run Behavior\BuildLiteBehavior [ RunTime:0.000000s ]
INFO: Run Behavior\FlashBehaviors [ RunTime:0.001000s ]
INFO: [ app_init ] --END-- [ RunTime:0.002000s ]

[2016-11-23 22:30:48] ::1 /filemanage/index.php/Home/File/showList
INFO: [ app_init ] --START--
INFO: Run Behavior\BuildLiteBehavior [ RunTime:0.000000s ]
INFO: Run Behavior\FlashBehaviors [ RunTime:0.001000s ]
INFO: [ app_init ] --END-- [ RunTime:0.001000s ]

[2016-11-23 22:30:56] ::1 /filemanage/index.php/Home/File/showList?file_temp_id=12&searchValue=
INFO: [ app_init ] --START--
INFO: Run Behavior\BuildLiteBehavior [ RunTime:0.000000s ]
INFO: Run Behavior\FlashBehaviors [ RunTime:0.000000s ]
INFO: [ app_init ] --END-- [ RunTime:0.001000s ]

[2016-11-23 22:32:26] ::1 /filemanage/index.php/Home/File/modify?type=menu&id=10
INFO: [ app_init ] --START--
INFO: Run Behavior\BuildLiteBehavior [ RunTime:0.000000s ]
INFO: Run Behavior\FlashBehaviors [ RunTime:0.001000s ]
INFO: [ app_init ] --END-- [ RunTime:0.002000s ]

[2016-11-23 22:32:37] ::1 /filemanage/index.php/Home/File/save?id=10&file_temp_id=12&dzdwmc=%E4%BF%A1%E6%81%AF%E5%AD%A6%E9%99%A2%E5%85%9A%E6%94%AF%E9%83%A811&dwh=00000111&dwzn=%E7%BB%84%E7%BB%87%E5%85%9A%E5%91%9811&fwfzr=%E6%B8%B8%E6%80%9D11
INFO: [ app_init ] --START--
INFO: Run Behavior\BuildLiteBehavior [ RunTime:0.000000s ]
INFO: Run Behavior\FlashBehaviors [ RunTime:0.001000s ]
INFO: [ app_init ] --END-- [ RunTime:0.001000s ]

[2016-11-23 22:32:38] ::1 /filemanage/index.php/Home/File/showList
INFO: [ app_init ] --START--
INFO: Run Behavior\BuildLiteBehavior [ RunTime:0.000000s ]
INFO: Run Behavior\FlashBehaviors [ RunTime:0.000000s ]
INFO: [ app_init ] --END-- [ RunTime:0.002000s ]

[2016-11-23 22:32:47] ::1 /filemanage/index.php/Home/File/showList?file_temp_id=12&searchValue=
INFO: [ app_init ] --START--
INFO: Run Behavior\BuildLiteBehavior [ RunTime:0.000000s ]
INFO: Run Behavior\FlashBehaviors [ RunTime:0.001000s ]
INFO: [ app_init ] --END-- [ RunTime:0.002000s ]

[2016-11-23 22:33:20] ::1 /filemanage/index.php/Home/File/modify?type=menu&id=10
INFO: [ app_init ] --START--
INFO: Run Behavior\BuildLiteBehavior [ RunTime:0.000000s ]
INFO: Run Behavior\FlashBehaviors [ RunTime:0.001000s ]
INFO: [ app_init ] --END-- [ RunTime:0.002000s ]

[2016-11-23 22:33:28] ::1 /filemanage/index.php/Home/File/save?id=10&file_temp_id=12&dzdwmc=%E4%BF%A1%E6%81%AF%E5%AD%A6%E9%99%A2%E5%85%9A%E6%94%AF%E9%83%A8&dwh=000001&dwzn=%E7%BB%84%E7%BB%87%E5%85%9A%E5%91%98&fwfzr=%E6%B8%B8%E6%80%9D
INFO: [ app_init ] --START--
INFO: Run Behavior\BuildLiteBehavior [ RunTime:0.000000s ]
INFO: Run Behavior\FlashBehaviors [ RunTime:0.001000s ]
INFO: [ app_init ] --END-- [ RunTime:0.002000s ]

[2016-11-23 22:33:30] ::1 /filemanage/index.php/Home/File/showList?id=10&file_temp_id=12
INFO: [ app_init ] --START--
INFO: Run Behavior\BuildLiteBehavior [ RunTime:0.001000s ]
INFO: Run Behavior\FlashBehaviors [ RunTime:0.001000s ]
INFO: [ app_init ] --END-- [ RunTime:0.003000s ]

[2016-11-23 22:33:37] ::1 /filemanage/index.php/Home/File/modify?type=menu&id=11
INFO: [ app_init ] --START--
INFO: Run Behavior\BuildLiteBehavior [ RunTime:0.000000s ]
INFO: Run Behavior\FlashBehaviors [ RunTime:0.001000s ]
INFO: [ app_init ] --END-- [ RunTime:0.001000s ]

[2016-11-23 22:33:43] ::1 /filemanage/index.php/Home/File/save?id=11&file_temp_id=12&dzdwmc=%E5%95%86%E5%AD%A6%E9%99%A2%E5%85%9A%E6%94%AF%E9%83%A822&dwh=00000222&dwzn=%E7%BB%84%E7%BB%87%E5%85%9A%E5%91%98%E6%B4%BB%E5%8A%A822&fwfzr=%E6%B8%B8%E6%80%9D222
INFO: [ app_init ] --START--
INFO: Run Behavior\BuildLiteBehavior [ RunTime:0.000000s ]
INFO: Run Behavior\FlashBehaviors [ RunTime:0.000000s ]
INFO: [ app_init ] --END-- [ RunTime:0.002000s ]

[2016-11-23 22:33:45] ::1 /filemanage/index.php/Home/File/showList?id=11&file_temp_id=12
INFO: [ app_init ] --START--
INFO: Run Behavior\BuildLiteBehavior [ RunTime:0.000000s ]
INFO: Run Behavior\FlashBehaviors [ RunTime:0.001001s ]
INFO: [ app_init ] --END-- [ RunTime:0.001001s ]

[2016-11-23 22:33:48] ::1 /filemanage/index.php/Home/File/modify?type=menu&id=11
INFO: [ app_init ] --START--
INFO: Run Behavior\BuildLiteBehavior [ RunTime:0.000000s ]
INFO: Run Behavior\FlashBehaviors [ RunTime:0.000000s ]
INFO: [ app_init ] --END-- [ RunTime:0.001000s ]

[2016-11-23 22:33:54] ::1 /filemanage/index.php/Home/File/save?id=11&file_temp_id=12&dzdwmc=%E5%95%86%E5%AD%A6%E9%99%A2%E5%85%9A%E6%94%AF%E9%83%A8&dwh=000002&dwzn=%E7%BB%84%E7%BB%87%E5%85%9A%E5%91%98%E6%B4%BB%E5%8A%A8&fwfzr=%E6%B8%B8%E6%80%9D2
INFO: [ app_init ] --START--
INFO: Run Behavior\BuildLiteBehavior [ RunTime:0.000000s ]
INFO: Run Behavior\FlashBehaviors [ RunTime:0.001000s ]
INFO: [ app_init ] --END-- [ RunTime:0.001000s ]

[2016-11-23 22:33:56] ::1 /filemanage/index.php/Home/File/showList?id=11&file_temp_id=12
INFO: [ app_init ] --START--
INFO: Run Behavior\BuildLiteBehavior [ RunTime:0.000000s ]
INFO: Run Behavior\FlashBehaviors [ RunTime:0.001000s ]
INFO: [ app_init ] --END-- [ RunTime:0.002000s ]

[2016-11-23 22:34:01] ::1 /filemanage/index.php/Home/File/del?type=menu&id=10
INFO: [ app_init ] --START--
INFO: Run Behavior\BuildLiteBehavior [ RunTime:0.000000s ]
INFO: Run Behavior\FlashBehaviors [ RunTime:0.001000s ]
INFO: [ app_init ] --END-- [ RunTime:0.002000s ]

[2016-11-23 22:34:02] ::1 /filemanage/index.php/Home/File/showList
INFO: [ app_init ] --START--
INFO: Run Behavior\BuildLiteBehavior [ RunTime:0.000000s ]
INFO: Run Behavior\FlashBehaviors [ RunTime:0.000000s ]
INFO: [ app_init ] --END-- [ RunTime:0.001000s ]

[2016-11-23 22:34:06] ::1 /filemanage/index.php/Home/File/showList?file_temp_id=12&searchValue=
INFO: [ app_init ] --START--
INFO: Run Behavior\BuildLiteBehavior [ RunTime:0.000000s ]
INFO: Run Behavior\FlashBehaviors [ RunTime:0.001000s ]
INFO: [ app_init ] --END-- [ RunTime:0.001000s ]

[2016-11-23 22:34:16] ::1 /filemanage/index.php/Home/File/add?type=menu
INFO: [ app_init ] --START--
INFO: Run Behavior\BuildLiteBehavior [ RunTime:0.000000s ]
INFO: Run Behavior\FlashBehaviors [ RunTime:0.000000s ]
INFO: [ app_init ] --END-- [ RunTime:0.001000s ]

[2016-11-23 22:34:18] ::1 /filemanage/index.php/Home/File/add?type=menu&file_temp_id=12
INFO: [ app_init ] --START--
INFO: Run Behavior\BuildLiteBehavior [ RunTime:0.000000s ]
INFO: Run Behavior\FlashBehaviors [ RunTime:0.001000s ]
INFO: [ app_init ] --END-- [ RunTime:0.001000s ]

[2016-11-23 22:34:24] ::1 /filemanage/index.php/Home/File/add?file_temp_id=12&dzdwmc=1213&dwh=1313&dwzn=1313&fwfzr=1313
INFO: [ app_init ] --START--
INFO: Run Behavior\BuildLiteBehavior [ RunTime:0.000000s ]
INFO: Run Behavior\FlashBehaviors [ RunTime:0.000000s ]
INFO: [ app_init ] --END-- [ RunTime:0.002000s ]

[2016-11-23 22:34:25] ::1 /filemanage/index.php/Home/File/showList?file_temp_id=12
INFO: [ app_init ] --START--
INFO: Run Behavior\BuildLiteBehavior [ RunTime:0.000000s ]
INFO: Run Behavior\FlashBehaviors [ RunTime:0.001000s ]
INFO: [ app_init ] --END-- [ RunTime:0.001000s ]

[2016-11-23 22:34:50] ::1 /filemanage/index.php/Home/File/modify?type=menu&id=11
INFO: [ app_init ] --START--
INFO: Run Behavior\BuildLiteBehavior [ RunTime:0.000000s ]
INFO: Run Behavior\FlashBehaviors [ RunTime:0.001000s ]
INFO: [ app_init ] --END-- [ RunTime:0.002000s ]

[2016-11-23 22:34:55] ::1 /filemanage/index.php/Home/File/detail?type=menu&id=11
INFO: [ app_init ] --START--
INFO: Run Behavior\BuildLiteBehavior [ RunTime:0.000000s ]
INFO: Run Behavior\FlashBehaviors [ RunTime:0.001000s ]
INFO: [ app_init ] --END-- [ RunTime:0.001000s ]

[2016-11-23 22:35:16] ::1 /filemanage/index.php/Home/File/detail?type=menu&id=11
INFO: [ app_init ] --START--
INFO: Run Behavior\BuildLiteBehavior [ RunTime:0.000000s ]
INFO: Run Behavior\FlashBehaviors [ RunTime:0.001000s ]
INFO: [ app_init ] --END-- [ RunTime:0.002000s ]

[2016-11-23 22:35:48] ::1 /filemanage/index.php/Home/File/detail?type=menu&id=11
INFO: [ app_init ] --START--
INFO: Run Behavior\BuildLiteBehavior [ RunTime:0.000000s ]
INFO: Run Behavior\FlashBehaviors [ RunTime:0.001000s ]
INFO: [ app_init ] --END-- [ RunTime:0.001000s ]

[2016-11-23 22:36:29] ::1 /filemanage/index.php/Home/File/detail?type=menu&id=11
INFO: [ app_init ] --START--
INFO: Run Behavior\BuildLiteBehavior [ RunTime:0.000000s ]
INFO: Run Behavior\FlashBehaviors [ RunTime:0.000000s ]
INFO: [ app_init ] --END-- [ RunTime:0.001000s ]

[2016-11-23 22:36:41] ::1 /filemanage/index.php/Home/File/modify?type=menu&id=13
INFO: [ app_init ] --START--
INFO: Run Behavior\BuildLiteBehavior [ RunTime:0.000000s ]
INFO: Run Behavior\FlashBehaviors [ RunTime:0.000000s ]
INFO: [ app_init ] --END-- [ RunTime:0.001000s ]

[2016-11-23 22:36:44] ::1 /filemanage/index.php/Home/Login/logout
INFO: [ app_init ] --START--
INFO: Run Behavior\BuildLiteBehavior [ RunTime:0.000000s ]
INFO: Run Behavior\FlashBehaviors [ RunTime:0.000000s ]
INFO: [ app_init ] --END-- [ RunTime:0.001000s ]

[2016-11-23 22:36:45] ::1 /filemanage/index.php/Home/Login/index
INFO: [ app_init ] --START--
INFO: Run Behavior\BuildLiteBehavior [ RunTime:0.000000s ]
INFO: Run Behavior\FlashBehaviors [ RunTime:0.001000s ]
INFO: [ app_init ] --END-- [ RunTime:0.002000s ]

[2016-11-23 22:37:04] ::1 /filemanage/index.php/Home/Login/checkLogin?account=10000000001&password=123456&type=3
INFO: [ app_init ] --START--
INFO: Run Behavior\BuildLiteBehavior [ RunTime:0.000000s ]
INFO: Run Behavior\FlashBehaviors [ RunTime:0.001000s ]
INFO: [ app_init ] --END-- [ RunTime:0.001000s ]

[2016-11-23 22:37:10] ::1 /filemanage/index.php/Home/Login/checkLogin?account=10000000001&password=123&type=3
INFO: [ app_init ] --START--
INFO: Run Behavior\BuildLiteBehavior [ RunTime:0.000000s ]
INFO: Run Behavior\FlashBehaviors [ RunTime:0.001000s ]
INFO: [ app_init ] --END-- [ RunTime:0.002000s ]

[2016-11-23 22:37:11] ::1 /filemanage/index.php/Home/Index/index
INFO: [ app_init ] --START--
INFO: Run Behavior\BuildLiteBehavior [ RunTime:0.000000s ]
INFO: Run Behavior\FlashBehaviors [ RunTime:0.000000s ]
INFO: [ app_init ] --END-- [ RunTime:0.001000s ]

[2016-11-23 22:37:14] ::1 /filemanage/index.php/Home/FileTemp/showList
INFO: [ app_init ] --START--
INFO: Run Behavior\BuildLiteBehavior [ RunTime:0.000000s ]
INFO: Run Behavior\FlashBehaviors [ RunTime:0.000000s ]
INFO: [ app_init ] --END-- [ RunTime:0.001000s ]

[2016-11-23 22:37:15] ::1 /filemanage/index.php/Home/FileTemp/detail?type=menu&id=13
INFO: [ app_init ] --START--
INFO: Run Behavior\BuildLiteBehavior [ RunTime:0.000000s ]
INFO: Run Behavior\FlashBehaviors [ RunTime:0.000000s ]
INFO: [ app_init ] --END-- [ RunTime:0.001000s ]

[2016-11-23 22:37:22] ::1 /filemanage/index.php/Home/File/showList
INFO: [ app_init ] --START--
INFO: Run Behavior\BuildLiteBehavior [ RunTime:0.000000s ]
INFO: Run Behavior\FlashBehaviors [ RunTime:0.001000s ]
INFO: [ app_init ] --END-- [ RunTime:0.003000s ]

[2016-11-23 22:37:26] ::1 /filemanage/index.php/Home/File/showList?file_temp_id=12&searchValue=
INFO: [ app_init ] --START--
INFO: Run Behavior\BuildLiteBehavior [ RunTime:0.000000s ]
INFO: Run Behavior\FlashBehaviors [ RunTime:0.001000s ]
INFO: [ app_init ] --END-- [ RunTime:0.002000s ]

[2016-11-23 22:37:28] ::1 /filemanage/index.php/Home/File/detail?type=menu&id=11
INFO: [ app_init ] --START--
INFO: Run Behavior\BuildLiteBehavior [ RunTime:0.001000s ]
INFO: Run Behavior\FlashBehaviors [ RunTime:0.000000s ]
INFO: [ app_init ] --END-- [ RunTime:0.001000s ]

[2016-11-23 22:40:16] ::1 /filemanage/index.php
INFO: [ app_init ] --START--
INFO: Run Behavior\BuildLiteBehavior [ RunTime:0.000000s ]
INFO: Run Behavior\FlashBehaviors [ RunTime:0.001000s ]
INFO: [ app_init ] --END-- [ RunTime:0.002000s ]

[2016-11-23 22:40:20] ::1 /filemanage/index.php/Home/Count/studentCount
INFO: [ app_init ] --START--
INFO: Run Behavior\BuildLiteBehavior [ RunTime:0.000000s ]
INFO: Run Behavior\FlashBehaviors [ RunTime:0.001000s ]
INFO: [ app_init ] --END-- [ RunTime:0.002000s ]

[2016-11-23 22:40:31] ::1 /filemanage/index.php/Home/Count/studentCount
INFO: [ app_init ] --START--
INFO: Run Behavior\BuildLiteBehavior [ RunTime:0.000000s ]
INFO: Run Behavior\FlashBehaviors [ RunTime:0.001000s ]
INFO: [ app_init ] --END-- [ RunTime:0.002000s ]

[2016-11-23 22:40:35] ::1 /filemanage/index.php/Home/Count/studentCount?startyear=2011&endyear=2016
INFO: [ app_init ] --START--
INFO: Run Behavior\BuildLiteBehavior [ RunTime:0.000000s ]
INFO: Run Behavior\FlashBehaviors [ RunTime:0.001000s ]
INFO: [ app_init ] --END-- [ RunTime:0.002000s ]

[2016-11-23 22:40:57] ::1 /filemanage/index.php/Home/Count/studentCount?startyear=2011&endyear=2016
INFO: [ app_init ] --START--
INFO: Run Behavior\BuildLiteBehavior [ RunTime:0.000000s ]
INFO: Run Behavior\FlashBehaviors [ RunTime:0.001000s ]
INFO: [ app_init ] --END-- [ RunTime:0.001000s ]

[2016-11-23 22:41:17] ::1 /filemanage/index.php/Home/Count/studentCount?startyear=2011&endyear=2016
INFO: [ app_init ] --START--
INFO: Run Behavior\BuildLiteBehavior [ RunTime:0.000000s ]
INFO: Run Behavior\FlashBehaviors [ RunTime:0.000000s ]
INFO: [ app_init ] --END-- [ RunTime:0.001000s ]

[2016-11-23 22:41:21] ::1 /filemanage/index.php/Home/Count/studentCount?startyear=2011&endyear=2016
INFO: [ app_init ] --START--
INFO: Run Behavior\BuildLiteBehavior [ RunTime:0.000000s ]
INFO: Run Behavior\FlashBehaviors [ RunTime:0.001000s ]
INFO: [ app_init ] --END-- [ RunTime:0.002000s ]

[2016-11-23 22:41:27] ::1 /filemanage/index.php/Home/Count/changeCount
INFO: [ app_init ] --START--
INFO: Run Behavior\BuildLiteBehavior [ RunTime:0.000000s ]
INFO: Run Behavior\FlashBehaviors [ RunTime:0.001000s ]
INFO: [ app_init ] --END-- [ RunTime:0.002000s ]

[2016-11-23 22:42:10] ::1 /filemanage/index.php/Home/Count/changeCount
INFO: [ app_init ] --START--
INFO: Run Behavior\BuildLiteBehavior [ RunTime:0.000000s ]
INFO: Run Behavior\FlashBehaviors [ RunTime:0.001000s ]
INFO: [ app_init ] --END-- [ RunTime:0.001000s ]

[2016-11-23 22:42:11] ::1 /filemanage/index.php/Home/Count/studentCount
INFO: [ app_init ] --START--
INFO: Run Behavior\BuildLiteBehavior [ RunTime:0.000000s ]
INFO: Run Behavior\FlashBehaviors [ RunTime:0.000000s ]
INFO: [ app_init ] --END-- [ RunTime:0.001000s ]

[2016-11-23 22:43:07] ::1 /filemanage/index.php/Home/Count/studentCount
INFO: [ app_init ] --START--
INFO: Run Behavior\BuildLiteBehavior [ RunTime:0.000000s ]
INFO: Run Behavior\FlashBehaviors [ RunTime:0.000000s ]
INFO: [ app_init ] --END-- [ RunTime:0.001000s ]

[2016-11-23 22:43:23] ::1 /filemanage/index.php/Home/Count/studentCount
INFO: [ app_init ] --START--
INFO: Run Behavior\BuildLiteBehavior [ RunTime:0.000000s ]
INFO: Run Behavior\FlashBehaviors [ RunTime:0.000000s ]
INFO: [ app_init ] --END-- [ RunTime:0.001000s ]

[2016-11-23 22:43:42] ::1 /filemanage/index.php/Home/Count/studentCount
INFO: [ app_init ] --START--
INFO: Run Behavior\BuildLiteBehavior [ RunTime:0.000000s ]
INFO: Run Behavior\FlashBehaviors [ RunTime:0.000000s ]
INFO: [ app_init ] --END-- [ RunTime:0.001000s ]

[2016-11-23 22:43:56] ::1 /filemanage/index.php/Home/File/showList
INFO: [ app_init ] --START--
INFO: Run Behavior\BuildLiteBehavior [ RunTime:0.000000s ]
INFO: Run Behavior\FlashBehaviors [ RunTime:0.000000s ]
INFO: [ app_init ] --END-- [ RunTime:0.001000s ]

[2016-11-23 22:44:37] ::1 /filemanage/index.php/Home/Login/logout
INFO: [ app_init ] --START--
INFO: Run Behavior\BuildLiteBehavior [ RunTime:0.000000s ]
INFO: Run Behavior\FlashBehaviors [ RunTime:0.001000s ]
INFO: [ app_init ] --END-- [ RunTime:0.001000s ]

[2016-11-23 22:44:39] ::1 /filemanage/index.php/Home/Login/index
INFO: [ app_init ] --START--
INFO: Run Behavior\BuildLiteBehavior [ RunTime:0.000000s ]
INFO: Run Behavior\FlashBehaviors [ RunTime:0.000000s ]
INFO: [ app_init ] --END-- [ RunTime:0.001000s ]

[2016-11-23 23:15:47] ::1 /filemanage/index.php/Home/Login/checkLogin?account=super_admin&password=123456&type=1
INFO: [ app_init ] --START--
INFO: Run Behavior\BuildLiteBehavior [ RunTime:0.000000s ]
INFO: Run Behavior\FlashBehaviors [ RunTime:0.000000s ]
INFO: [ app_init ] --END-- [ RunTime:0.001000s ]

[2016-11-23 23:15:50] ::1 /filemanage/index.php/Home/Login/index
INFO: [ app_init ] --START--
INFO: Run Behavior\BuildLiteBehavior [ RunTime:0.000000s ]
INFO: Run Behavior\FlashBehaviors [ RunTime:0.001000s ]
INFO: [ app_init ] --END-- [ RunTime:0.001000s ]

