[2016-11-11 07:07:09] ::1 /filemanage/index.php/Home/Index/index
INFO: [ app_init ] --START--
INFO: Run Behavior\BuildLiteBehavior [ RunTime:0.000000s ]
INFO: Run Behavior\FlashBehaviors [ RunTime:0.001000s ]
INFO: [ app_init ] --END-- [ RunTime:0.003001s ]

[2016-11-11 07:07:20] ::1 /filemanage/index.php/Home/Student/add?type=menu
INFO: [ app_init ] --START--
INFO: Run Behavior\BuildLiteBehavior [ RunTime:0.000000s ]
INFO: Run Behavior\FlashBehaviors [ RunTime:0.004000s ]
INFO: [ app_init ] --END-- [ RunTime:0.004000s ]

[2016-11-11 07:07:23] ::1 /filemanage/index.php/Home/Student/showList
INFO: [ app_init ] --START--
INFO: Run Behavior\BuildLiteBehavior [ RunTime:0.000000s ]
INFO: Run Behavior\FlashBehaviors [ RunTime:0.001000s ]
INFO: [ app_init ] --END-- [ RunTime:0.001000s ]

[2016-11-11 07:07:27] ::1 /filemanage/index.php/Home/Course/addScore?type=menu
INFO: [ app_init ] --START--
INFO: Run Behavior\BuildLiteBehavior [ RunTime:0.000000s ]
INFO: Run Behavior\FlashBehaviors [ RunTime:0.000000s ]
INFO: [ app_init ] --END-- [ RunTime:0.001000s ]

[2016-11-11 07:07:35] ::1 /filemanage/index.php/Home/Course/addScore?type=menu&course_id=7&class_id=3&student_id=
INFO: [ app_init ] --START--
INFO: Run Behavior\BuildLiteBehavior [ RunTime:0.000000s ]
INFO: Run Behavior\FlashBehaviors [ RunTime:0.000000s ]
INFO: [ app_init ] --END-- [ RunTime:0.001000s ]

[2016-11-11 07:07:44] ::1 /filemanage/index.php/Home/Course/saveScore?type=add
INFO: [ app_init ] --START--
INFO: Run Behavior\BuildLiteBehavior [ RunTime:0.000000s ]
INFO: Run Behavior\FlashBehaviors [ RunTime:0.001000s ]
INFO: [ app_init ] --END-- [ RunTime:0.002000s ]

[2016-11-11 07:07:45] ::1 /filemanage/index.php/Home/Course/addScore?type=menu&course_id=7&class_id=3&year=2016&student_id=1&term=1
INFO: [ app_init ] --START--
INFO: Run Behavior\BuildLiteBehavior [ RunTime:0.000000s ]
INFO: Run Behavior\FlashBehaviors [ RunTime:0.001000s ]
INFO: [ app_init ] --END-- [ RunTime:0.002000s ]

[2016-11-11 07:07:49] ::1 /filemanage/index.php/Home/Course/saveScore?type=add
INFO: [ app_init ] --START--
INFO: Run Behavior\BuildLiteBehavior [ RunTime:0.000000s ]
INFO: Run Behavior\FlashBehaviors [ RunTime:0.001001s ]
INFO: [ app_init ] --END-- [ RunTime:0.001001s ]

[2016-11-11 07:07:52] ::1 /filemanage/index.php/Home/Course/addScore?type=menu&course_id=7&class_id=3&year=2016&student_id=1&term=1
INFO: [ app_init ] --START--
INFO: Run Behavior\BuildLiteBehavior [ RunTime:0.000000s ]
INFO: Run Behavior\FlashBehaviors [ RunTime:0.001000s ]
INFO: [ app_init ] --END-- [ RunTime:0.003000s ]

[2016-11-11 07:07:56] ::1 /filemanage/index.php/Home/Course/saveScore?type=add
INFO: [ app_init ] --START--
INFO: Run Behavior\BuildLiteBehavior [ RunTime:0.000000s ]
INFO: Run Behavior\FlashBehaviors [ RunTime:0.002000s ]
INFO: [ app_init ] --END-- [ RunTime:0.003000s ]

[2016-11-11 07:08:00] ::1 /filemanage/index.php/Home/Course/addScore?type=menu&course_id=7&class_id=3&year=2016&student_id=1&term=1
INFO: [ app_init ] --START--
INFO: Run Behavior\BuildLiteBehavior [ RunTime:0.000000s ]
INFO: Run Behavior\FlashBehaviors [ RunTime:0.000000s ]
INFO: [ app_init ] --END-- [ RunTime:0.002000s ]

[2016-11-11 07:08:17] ::1 /filemanage/index.php/Home/Course/scoreList?type=menu
INFO: [ app_init ] --START--
INFO: Run Behavior\BuildLiteBehavior [ RunTime:0.000000s ]
INFO: Run Behavior\FlashBehaviors [ RunTime:0.000000s ]
INFO: [ app_init ] --END-- [ RunTime:0.001000s ]
File:D:\WWW\filemanage\ThinkPHP\Library\Think\Controller.class.php(170)  E  
File:()  __call  
File:D:\WWW\filemanage\ThinkPHP\Library\Think\App.class.php(180)  invokeArgs  
File:D:\WWW\filemanage\ThinkPHP\Library\Think\App.class.php(202)  exec  
File:D:\WWW\filemanage\ThinkPHP\Library\Think\Think.class.php(120)  run  
File:D:\WWW\filemanage\ThinkPHP\ThinkPHP.php(97)  start  
File:D:\WWW\filemanage\index.php(30)  require  
ERR: 非法操作:scoreList

[2016-11-11 07:19:46] ::1 /filemanage/index.php/Home/Course/addScore?type=menu&course_id=7&class_id=3&year=2016&student_id=1&term=1
INFO: [ app_init ] --START--
INFO: Run Behavior\BuildLiteBehavior [ RunTime:0.000000s ]
INFO: Run Behavior\FlashBehaviors [ RunTime:0.002001s ]
INFO: [ app_init ] --END-- [ RunTime:0.003001s ]
File:D:\WWW\filemanage\ThinkPHP\Library\Think\View.class.php(110)  E  
File:D:\WWW\filemanage\ThinkPHP\Library\Think\View.class.php(72)  fetch  
File:D:\WWW\filemanage\ThinkPHP\Library\Think\Controller.class.php(56)  display  
File:D:\WWW\filemanage\Application\Home\Controller\CourseController.class.php(189)  display  
File:()  addScore  
File:D:\WWW\filemanage\ThinkPHP\Library\Think\App.class.php(164)  invoke  
File:D:\WWW\filemanage\ThinkPHP\Library\Think\App.class.php(202)  exec  
File:D:\WWW\filemanage\ThinkPHP\Library\Think\Think.class.php(120)  run  
File:D:\WWW\filemanage\ThinkPHP\ThinkPHP.php(97)  start  
File:D:\WWW\filemanage\index.php(30)  require  
ERR: 模板不存在:./Application/Home/View/Course/addScore.html

[2016-11-11 07:19:53] ::1 /filemanage/index.php/Home/Course/addScore?type=menu&course_id=7&class_id=3&year=2016&student_id=1&term=1
INFO: [ app_init ] --START--
INFO: Run Behavior\BuildLiteBehavior [ RunTime:0.000000s ]
INFO: Run Behavior\FlashBehaviors [ RunTime:0.000000s ]
INFO: [ app_init ] --END-- [ RunTime:0.001001s ]
File:D:\WWW\filemanage\ThinkPHP\Library\Think\View.class.php(110)  E  
File:D:\WWW\filemanage\ThinkPHP\Library\Think\View.class.php(72)  fetch  
File:D:\WWW\filemanage\ThinkPHP\Library\Think\Controller.class.php(56)  display  
File:D:\WWW\filemanage\Application\Home\Controller\CourseController.class.php(189)  display  
File:()  addScore  
File:D:\WWW\filemanage\ThinkPHP\Library\Think\App.class.php(164)  invoke  
File:D:\WWW\filemanage\ThinkPHP\Library\Think\App.class.php(202)  exec  
File:D:\WWW\filemanage\ThinkPHP\Library\Think\Think.class.php(120)  run  
File:D:\WWW\filemanage\ThinkPHP\ThinkPHP.php(97)  start  
File:D:\WWW\filemanage\index.php(30)  require  
ERR: 模板不存在:./Application/Home/View/Course/addScore.html

[2016-11-11 07:19:55] ::1 /filemanage/index.php/Home/Course/addScore?type=menu&course_id=7&class_id=3&year=2016&student_id=1&term=1
INFO: [ app_init ] --START--
INFO: Run Behavior\BuildLiteBehavior [ RunTime:0.000000s ]
INFO: Run Behavior\FlashBehaviors [ RunTime:0.001000s ]
INFO: [ app_init ] --END-- [ RunTime:0.001000s ]
File:D:\WWW\filemanage\ThinkPHP\Library\Think\View.class.php(110)  E  
File:D:\WWW\filemanage\ThinkPHP\Library\Think\View.class.php(72)  fetch  
File:D:\WWW\filemanage\ThinkPHP\Library\Think\Controller.class.php(56)  display  
File:D:\WWW\filemanage\Application\Home\Controller\CourseController.class.php(189)  display  
File:()  addScore  
File:D:\WWW\filemanage\ThinkPHP\Library\Think\App.class.php(164)  invoke  
File:D:\WWW\filemanage\ThinkPHP\Library\Think\App.class.php(202)  exec  
File:D:\WWW\filemanage\ThinkPHP\Library\Think\Think.class.php(120)  run  
File:D:\WWW\filemanage\ThinkPHP\ThinkPHP.php(97)  start  
File:D:\WWW\filemanage\index.php(30)  require  
ERR: 模板不存在:./Application/Home/View/Course/addScore.html

[2016-11-11 07:19:59] ::1 /filemanage/index.php/Home/Course/addScore?type=menu
INFO: [ app_init ] --START--
INFO: Run Behavior\BuildLiteBehavior [ RunTime:0.000000s ]
INFO: Run Behavior\FlashBehaviors [ RunTime:0.001001s ]
INFO: [ app_init ] --END-- [ RunTime:0.001001s ]
File:D:\WWW\filemanage\ThinkPHP\Library\Think\View.class.php(110)  E  
File:D:\WWW\filemanage\ThinkPHP\Library\Think\View.class.php(72)  fetch  
File:D:\WWW\filemanage\ThinkPHP\Library\Think\Controller.class.php(56)  display  
File:D:\WWW\filemanage\Application\Home\Controller\CourseController.class.php(189)  display  
File:()  addScore  
File:D:\WWW\filemanage\ThinkPHP\Library\Think\App.class.php(164)  invoke  
File:D:\WWW\filemanage\ThinkPHP\Library\Think\App.class.php(202)  exec  
File:D:\WWW\filemanage\ThinkPHP\Library\Think\Think.class.php(120)  run  
File:D:\WWW\filemanage\ThinkPHP\ThinkPHP.php(97)  start  
File:D:\WWW\filemanage\index.php(30)  require  
ERR: 模板不存在:./Application/Home/View/Course/addScore.html

[2016-11-11 07:20:03] ::1 /filemanage/index.php/Home/Course/showList
INFO: [ app_init ] --START--
INFO: Run Behavior\BuildLiteBehavior [ RunTime:0.000000s ]
INFO: Run Behavior\FlashBehaviors [ RunTime:0.000000s ]
INFO: [ app_init ] --END-- [ RunTime:0.001000s ]

[2016-11-11 07:20:04] ::1 /filemanage/index.php/Home/Score/add?type=menu
INFO: [ app_init ] --START--
INFO: Run Behavior\BuildLiteBehavior [ RunTime:0.000000s ]
INFO: Run Behavior\FlashBehaviors [ RunTime:0.000000s ]
INFO: [ app_init ] --END-- [ RunTime:0.001000s ]
File:D:\WWW\filemanage\ThinkPHP\Library\Think\App.class.php(101)  E  
File:D:\WWW\filemanage\ThinkPHP\Library\Think\App.class.php(202)  exec  
File:D:\WWW\filemanage\ThinkPHP\Library\Think\Think.class.php(120)  run  
File:D:\WWW\filemanage\ThinkPHP\ThinkPHP.php(97)  start  
File:D:\WWW\filemanage\index.php(30)  require  
ERR: 无法加载控制器:Score

[2016-11-11 07:20:28] ::1 /filemanage/index.php/Home/Score/add?type=menu
INFO: [ app_init ] --START--
INFO: Run Behavior\BuildLiteBehavior [ RunTime:0.000000s ]
INFO: Run Behavior\FlashBehaviors [ RunTime:0.001000s ]
INFO: [ app_init ] --END-- [ RunTime:0.001000s ]
File:D:\WWW\filemanage\ThinkPHP\Library\Think\View.class.php(110)  E  
File:D:\WWW\filemanage\ThinkPHP\Library\Think\View.class.php(72)  fetch  
File:D:\WWW\filemanage\ThinkPHP\Library\Think\Controller.class.php(56)  display  
File:D:\WWW\filemanage\Application\Home\Controller\ScoreController.class.php(110)  display  
File:()  add  
File:D:\WWW\filemanage\ThinkPHP\Library\Think\App.class.php(164)  invoke  
File:D:\WWW\filemanage\ThinkPHP\Library\Think\App.class.php(202)  exec  
File:D:\WWW\filemanage\ThinkPHP\Library\Think\Think.class.php(120)  run  
File:D:\WWW\filemanage\ThinkPHP\ThinkPHP.php(97)  start  
File:D:\WWW\filemanage\index.php(30)  require  
ERR: 模板不存在:./Application/Home/View/Score/add.html

[2016-11-11 07:20:48] ::1 /filemanage/index.php/Home/Score/add?type=menu
INFO: [ app_init ] --START--
INFO: Run Behavior\BuildLiteBehavior [ RunTime:0.000000s ]
INFO: Run Behavior\FlashBehaviors [ RunTime:0.000000s ]
INFO: [ app_init ] --END-- [ RunTime:0.001000s ]
File:D:\WWW\filemanage\ThinkPHP\Library\Think\View.class.php(110)  E  
File:D:\WWW\filemanage\ThinkPHP\Library\Think\View.class.php(72)  fetch  
File:D:\WWW\filemanage\ThinkPHP\Library\Think\Controller.class.php(56)  display  
File:D:\WWW\filemanage\Application\Home\Controller\ScoreController.class.php(110)  display  
File:()  add  
File:D:\WWW\filemanage\ThinkPHP\Library\Think\App.class.php(164)  invoke  
File:D:\WWW\filemanage\ThinkPHP\Library\Think\App.class.php(202)  exec  
File:D:\WWW\filemanage\ThinkPHP\Library\Think\Think.class.php(120)  run  
File:D:\WWW\filemanage\ThinkPHP\ThinkPHP.php(97)  start  
File:D:\WWW\filemanage\index.php(30)  require  
ERR: 模板不存在:./Application/Home/View/Score/add.html

[2016-11-11 07:21:06] ::1 /filemanage/index.php/Home/Score/add?type=menu
INFO: [ app_init ] --START--
INFO: Run Behavior\BuildLiteBehavior [ RunTime:0.000000s ]
INFO: Run Behavior\FlashBehaviors [ RunTime:0.001000s ]
INFO: [ app_init ] --END-- [ RunTime:0.001000s ]

[2016-11-11 07:21:14] ::1 /filemanage/index.php/Home/Score/addScore?type=menu&course_id=7&class_id=4&student_id=
INFO: [ app_init ] --START--
INFO: Run Behavior\BuildLiteBehavior [ RunTime:0.000000s ]
INFO: Run Behavior\FlashBehaviors [ RunTime:0.001000s ]
INFO: [ app_init ] --END-- [ RunTime:0.001000s ]
File:D:\WWW\filemanage\ThinkPHP\Library\Think\Controller.class.php(170)  E  
File:()  __call  
File:D:\WWW\filemanage\ThinkPHP\Library\Think\App.class.php(180)  invokeArgs  
File:D:\WWW\filemanage\ThinkPHP\Library\Think\App.class.php(202)  exec  
File:D:\WWW\filemanage\ThinkPHP\Library\Think\Think.class.php(120)  run  
File:D:\WWW\filemanage\ThinkPHP\ThinkPHP.php(97)  start  
File:D:\WWW\filemanage\index.php(30)  require  
ERR: 非法操作:addScore

[2016-11-11 07:21:38] ::1 /filemanage/index.php/Home/Score/add?type=menu
INFO: [ app_init ] --START--
INFO: Run Behavior\BuildLiteBehavior [ RunTime:0.000000s ]
INFO: Run Behavior\FlashBehaviors [ RunTime:0.000000s ]
INFO: [ app_init ] --END-- [ RunTime:0.001000s ]

[2016-11-11 07:21:46] ::1 /filemanage/index.php/Home/Score/add?type=menu&course_id=7&class_id=4&student_id=
INFO: [ app_init ] --START--
INFO: Run Behavior\BuildLiteBehavior [ RunTime:0.000000s ]
INFO: Run Behavior\FlashBehaviors [ RunTime:0.000000s ]
INFO: [ app_init ] --END-- [ RunTime:0.001000s ]

[2016-11-11 07:22:26] ::1 /filemanage/index.php/Home/Score/add?type=menu
INFO: [ app_init ] --START--
INFO: Run Behavior\BuildLiteBehavior [ RunTime:0.000000s ]
INFO: Run Behavior\FlashBehaviors [ RunTime:0.001000s ]
INFO: [ app_init ] --END-- [ RunTime:0.002000s ]

[2016-11-11 07:22:32] ::1 /filemanage/index.php/Home/Score/add?type=menu&course_id=7&class_id=3&student_id=
INFO: [ app_init ] --START--
INFO: Run Behavior\BuildLiteBehavior [ RunTime:0.000000s ]
INFO: Run Behavior\FlashBehaviors [ RunTime:0.001000s ]
INFO: [ app_init ] --END-- [ RunTime:0.001000s ]

[2016-11-11 07:23:58] ::1 /filemanage/index.php/Home/Score/add?type=menu&course_id=7&class_id=3&student_id=
INFO: [ app_init ] --START--
INFO: Run Behavior\BuildLiteBehavior [ RunTime:0.000000s ]
INFO: Run Behavior\FlashBehaviors [ RunTime:0.001000s ]
INFO: [ app_init ] --END-- [ RunTime:0.001000s ]

[2016-11-11 07:24:04] ::1 /filemanage/index.php/Home/Score/add?type=menu&course_id=7&class_id=4&student_id=&year=undefined&term=1
INFO: [ app_init ] --START--
INFO: Run Behavior\BuildLiteBehavior [ RunTime:0.000000s ]
INFO: Run Behavior\FlashBehaviors [ RunTime:0.001000s ]
INFO: [ app_init ] --END-- [ RunTime:0.002000s ]

[2016-11-11 07:24:55] ::1 /filemanage/index.php/Home/Score/add?type=menu&course_id=7&class_id=4&student_id=&year=undefined&term=1
INFO: [ app_init ] --START--
INFO: Run Behavior\BuildLiteBehavior [ RunTime:0.000000s ]
INFO: Run Behavior\FlashBehaviors [ RunTime:0.000000s ]
INFO: [ app_init ] --END-- [ RunTime:0.002000s ]

[2016-11-11 07:24:58] ::1 /filemanage/index.php/Home/Score/add?type=menu&course_id=7&class_id=3&student_id=&year=undefined&term=1
INFO: [ app_init ] --START--
INFO: Run Behavior\BuildLiteBehavior [ RunTime:0.000000s ]
INFO: Run Behavior\FlashBehaviors [ RunTime:0.001000s ]
INFO: [ app_init ] --END-- [ RunTime:0.001000s ]

[2016-11-11 07:25:03] ::1 /filemanage/index.php/Home/Score/add?type=menu&course_id=7&class_id=3&student_id=&year=&term=1
INFO: [ app_init ] --START--
INFO: Run Behavior\BuildLiteBehavior [ RunTime:0.000000s ]
INFO: Run Behavior\FlashBehaviors [ RunTime:0.001000s ]
INFO: [ app_init ] --END-- [ RunTime:0.001000s ]

[2016-11-11 07:25:08] ::1 /filemanage/index.php/Home/Score/add?type=menu&course_id=7&class_id=4&student_id=&year=2015&term=1
INFO: [ app_init ] --START--
INFO: Run Behavior\BuildLiteBehavior [ RunTime:0.000000s ]
INFO: Run Behavior\FlashBehaviors [ RunTime:0.001000s ]
INFO: [ app_init ] --END-- [ RunTime:0.001000s ]

[2016-11-11 07:25:14] ::1 /filemanage/index.php/Home/Score/add?type=add
INFO: [ app_init ] --START--
INFO: Run Behavior\BuildLiteBehavior [ RunTime:0.000000s ]
INFO: Run Behavior\FlashBehaviors [ RunTime:0.000000s ]
INFO: [ app_init ] --END-- [ RunTime:0.001000s ]

[2016-11-11 07:25:39] ::1 /filemanage/index.php/Home/Score/add?type=menu&course_id=7&class_id=4&student_id=&year=2015&term=1
INFO: [ app_init ] --START--
INFO: Run Behavior\BuildLiteBehavior [ RunTime:0.000000s ]
INFO: Run Behavior\FlashBehaviors [ RunTime:0.000000s ]
INFO: [ app_init ] --END-- [ RunTime:0.001000s ]

[2016-11-11 07:25:46] ::1 /filemanage/index.php/Home/Score/save?type=add
INFO: [ app_init ] --START--
INFO: Run Behavior\BuildLiteBehavior [ RunTime:0.000000s ]
INFO: Run Behavior\FlashBehaviors [ RunTime:0.001000s ]
INFO: [ app_init ] --END-- [ RunTime:0.002001s ]

[2016-11-11 07:25:47] ::1 /filemanage/index.php/Home/Score/add?type=menu&course_id=7&class_id=4&year=2015&student_id=2&term=1
INFO: [ app_init ] --START--
INFO: Run Behavior\BuildLiteBehavior [ RunTime:0.000000s ]
INFO: Run Behavior\FlashBehaviors [ RunTime:0.000000s ]
INFO: [ app_init ] --END-- [ RunTime:0.001000s ]

[2016-11-11 07:25:53] ::1 /filemanage/index.php/Home/Score/save?type=add
INFO: [ app_init ] --START--
INFO: Run Behavior\BuildLiteBehavior [ RunTime:0.000000s ]
INFO: Run Behavior\FlashBehaviors [ RunTime:0.000000s ]
INFO: [ app_init ] --END-- [ RunTime:0.002000s ]

[2016-11-11 07:31:55] ::1 /filemanage/index.php/Home/Score/showList?type=menu
INFO: [ app_init ] --START--
INFO: Run Behavior\BuildLiteBehavior [ RunTime:0.000000s ]
INFO: Run Behavior\FlashBehaviors [ RunTime:0.001000s ]
INFO: [ app_init ] --END-- [ RunTime:0.002000s ]

[2016-11-11 07:36:03] ::1 /filemanage/index.php/Home/Score/showList?type=menu
INFO: [ app_init ] --START--
INFO: Run Behavior\BuildLiteBehavior [ RunTime:0.000000s ]
INFO: Run Behavior\FlashBehaviors [ RunTime:0.001000s ]
INFO: [ app_init ] --END-- [ RunTime:0.002000s ]

[2016-11-11 07:36:55] ::1 /filemanage/index.php/Home/Score/showList?type=menu
INFO: [ app_init ] --START--
INFO: Run Behavior\BuildLiteBehavior [ RunTime:0.000000s ]
INFO: Run Behavior\FlashBehaviors [ RunTime:0.001000s ]
INFO: [ app_init ] --END-- [ RunTime:0.001000s ]

[2016-11-11 07:37:11] ::1 /filemanage/index.php/Home/Score/add?type=menu
INFO: [ app_init ] --START--
INFO: Run Behavior\BuildLiteBehavior [ RunTime:0.000000s ]
INFO: Run Behavior\FlashBehaviors [ RunTime:0.001000s ]
INFO: [ app_init ] --END-- [ RunTime:0.001000s ]

[2016-11-11 07:37:17] ::1 /filemanage/index.php/Home/Score/add?type=menu&course_id=7&class_id=4&student_id=&year=2015&term=2
INFO: [ app_init ] --START--
INFO: Run Behavior\BuildLiteBehavior [ RunTime:0.000000s ]
INFO: Run Behavior\FlashBehaviors [ RunTime:0.001000s ]
INFO: [ app_init ] --END-- [ RunTime:0.001000s ]

[2016-11-11 07:37:22] ::1 /filemanage/index.php/Home/Score/save?type=add
INFO: [ app_init ] --START--
INFO: Run Behavior\BuildLiteBehavior [ RunTime:0.000000s ]
INFO: Run Behavior\FlashBehaviors [ RunTime:0.001000s ]
INFO: [ app_init ] --END-- [ RunTime:0.001000s ]

[2016-11-11 07:37:23] ::1 /filemanage/index.php/Home/Score/add?type=menu&course_id=7&class_id=4&year=2015&student_id=2&term=2
INFO: [ app_init ] --START--
INFO: Run Behavior\BuildLiteBehavior [ RunTime:0.000000s ]
INFO: Run Behavior\FlashBehaviors [ RunTime:0.000000s ]
INFO: [ app_init ] --END-- [ RunTime:0.001000s ]

[2016-11-11 07:37:26] ::1 /filemanage/index.php/Home/Score/showList?type=menu
INFO: [ app_init ] --START--
INFO: Run Behavior\BuildLiteBehavior [ RunTime:0.000000s ]
INFO: Run Behavior\FlashBehaviors [ RunTime:0.001000s ]
INFO: [ app_init ] --END-- [ RunTime:0.002000s ]

[2016-11-11 07:37:32] ::1 /filemanage/index.php/Home/Score/modify?type=menu&id=63
INFO: [ app_init ] --START--
INFO: Run Behavior\BuildLiteBehavior [ RunTime:0.000000s ]
INFO: Run Behavior\FlashBehaviors [ RunTime:0.001000s ]
INFO: [ app_init ] --END-- [ RunTime:0.002000s ]
File:D:\WWW\filemanage\ThinkPHP\Library\Think\View.class.php(110)  E  
File:D:\WWW\filemanage\ThinkPHP\Library\Think\View.class.php(72)  fetch  
File:D:\WWW\filemanage\ThinkPHP\Library\Think\Controller.class.php(56)  display  
File:D:\WWW\filemanage\Application\Home\Controller\ScoreController.class.php(56)  display  
File:()  modify  
File:D:\WWW\filemanage\ThinkPHP\Library\Think\App.class.php(164)  invoke  
File:D:\WWW\filemanage\ThinkPHP\Library\Think\App.class.php(202)  exec  
File:D:\WWW\filemanage\ThinkPHP\Library\Think\Think.class.php(120)  run  
File:D:\WWW\filemanage\ThinkPHP\ThinkPHP.php(97)  start  
File:D:\WWW\filemanage\index.php(30)  require  
ERR: 模板不存在:./Application/Home/View/Score/modify.html

[2016-11-11 07:44:23] ::1 /filemanage/index.php/Home/Score/modify?type=menu&id=63
INFO: [ app_init ] --START--
INFO: Run Behavior\BuildLiteBehavior [ RunTime:0.000000s ]
INFO: Run Behavior\FlashBehaviors [ RunTime:0.001000s ]
INFO: [ app_init ] --END-- [ RunTime:0.002000s ]

[2016-11-11 07:44:47] ::1 /filemanage/index.php/Home/Score/showList?type=menu
INFO: [ app_init ] --START--
INFO: Run Behavior\BuildLiteBehavior [ RunTime:0.000000s ]
INFO: Run Behavior\FlashBehaviors [ RunTime:0.001000s ]
INFO: [ app_init ] --END-- [ RunTime:0.002000s ]

[2016-11-11 07:44:49] ::1 /filemanage/index.php/Home/Score/modify?type=menu&id=63
INFO: [ app_init ] --START--
INFO: Run Behavior\BuildLiteBehavior [ RunTime:0.000000s ]
INFO: Run Behavior\FlashBehaviors [ RunTime:0.001000s ]
INFO: [ app_init ] --END-- [ RunTime:0.002000s ]

[2016-11-11 07:46:13] ::1 /filemanage/index.php/Home/Score/modify?type=menu&id=63
INFO: [ app_init ] --START--
INFO: Run Behavior\BuildLiteBehavior [ RunTime:0.000000s ]
INFO: Run Behavior\FlashBehaviors [ RunTime:0.001000s ]
INFO: [ app_init ] --END-- [ RunTime:0.001000s ]

[2016-11-11 07:46:54] ::1 /filemanage/index.php/Home/Score/modify?type=menu&id=63
INFO: [ app_init ] --START--
INFO: Run Behavior\BuildLiteBehavior [ RunTime:0.000000s ]
INFO: Run Behavior\FlashBehaviors [ RunTime:0.001000s ]
INFO: [ app_init ] --END-- [ RunTime:0.002000s ]

[2016-11-11 07:47:01] ::1 /filemanage/index.php/Home/Score/save?type=add
INFO: [ app_init ] --START--
INFO: Run Behavior\BuildLiteBehavior [ RunTime:0.000000s ]
INFO: Run Behavior\FlashBehaviors [ RunTime:0.000000s ]
INFO: [ app_init ] --END-- [ RunTime:0.001000s ]

[2016-11-11 07:47:03] ::1 /filemanage/index.php/Home/Score/modify?type=menu&course_id=7&class_id=4&year=2015&student_id=2&term=2&id=63
INFO: [ app_init ] --START--
INFO: Run Behavior\BuildLiteBehavior [ RunTime:0.000000s ]
INFO: Run Behavior\FlashBehaviors [ RunTime:0.000000s ]
INFO: [ app_init ] --END-- [ RunTime:0.002000s ]

[2016-11-11 07:47:07] ::1 /filemanage/index.php/Home/Score/save?type=add
INFO: [ app_init ] --START--
INFO: Run Behavior\BuildLiteBehavior [ RunTime:0.000000s ]
INFO: Run Behavior\FlashBehaviors [ RunTime:0.000000s ]
INFO: [ app_init ] --END-- [ RunTime:0.001000s ]

[2016-11-11 07:47:09] ::1 /filemanage/index.php/Home/Score/modify?type=menu&course_id=7&class_id=4&year=2015&student_id=2&term=1&id=63
INFO: [ app_init ] --START--
INFO: Run Behavior\BuildLiteBehavior [ RunTime:0.000000s ]
INFO: Run Behavior\FlashBehaviors [ RunTime:0.001000s ]
INFO: [ app_init ] --END-- [ RunTime:0.002000s ]

[2016-11-11 07:47:36] ::1 /filemanage/index.php/Home/Score/save?type=add
INFO: [ app_init ] --START--
INFO: Run Behavior\BuildLiteBehavior [ RunTime:0.000000s ]
INFO: Run Behavior\FlashBehaviors [ RunTime:0.000000s ]
INFO: [ app_init ] --END-- [ RunTime:0.001000s ]

[2016-11-11 07:47:38] ::1 /filemanage/index.php/Home/Score/modify?type=menu&course_id=7&class_id=4&year=2015&student_id=2&term=1&id=63
INFO: [ app_init ] --START--
INFO: Run Behavior\BuildLiteBehavior [ RunTime:0.000000s ]
INFO: Run Behavior\FlashBehaviors [ RunTime:0.000000s ]
INFO: [ app_init ] --END-- [ RunTime:0.001000s ]

[2016-11-11 07:47:47] ::1 /filemanage/index.php/Home/Score/modify?type=menu&course_id=7&class_id=4&year=2015&student_id=2&term=1&id=63
INFO: [ app_init ] --START--
INFO: Run Behavior\BuildLiteBehavior [ RunTime:0.000000s ]
INFO: Run Behavior\FlashBehaviors [ RunTime:0.000000s ]
INFO: [ app_init ] --END-- [ RunTime:0.001000s ]

[2016-11-11 07:47:53] ::1 /filemanage/index.php/Home/Score/save?type=add
INFO: [ app_init ] --START--
INFO: Run Behavior\BuildLiteBehavior [ RunTime:0.000000s ]
INFO: Run Behavior\FlashBehaviors [ RunTime:0.001000s ]
INFO: [ app_init ] --END-- [ RunTime:0.002000s ]

[2016-11-11 07:47:54] ::1 /filemanage/index.php/Home/Score/modify?type=menu&course_id=7&class_id=4&year=2010&student_id=2&term=1&id=63
INFO: [ app_init ] --START--
INFO: Run Behavior\BuildLiteBehavior [ RunTime:0.000000s ]
INFO: Run Behavior\FlashBehaviors [ RunTime:0.000000s ]
INFO: [ app_init ] --END-- [ RunTime:0.001001s ]

[2016-11-11 07:48:40] ::1 /filemanage/index.php/Home/Score/save?type=add
INFO: [ app_init ] --START--
INFO: Run Behavior\BuildLiteBehavior [ RunTime:0.000000s ]
INFO: Run Behavior\FlashBehaviors [ RunTime:0.001000s ]
INFO: [ app_init ] --END-- [ RunTime:0.002000s ]

[2016-11-11 07:50:08] ::1 /filemanage/index.php/Home/Score/modify?type=menu&course_id=7&class_id=4&year=2010&student_id=2&term=1&id=63
INFO: [ app_init ] --START--
INFO: Run Behavior\BuildLiteBehavior [ RunTime:0.000000s ]
INFO: Run Behavior\FlashBehaviors [ RunTime:0.001000s ]
INFO: [ app_init ] --END-- [ RunTime:0.002000s ]

[2016-11-11 07:50:28] ::1 /filemanage/index.php/Home/Score/modify?type=menu&course_id=7&class_id=4&year=2010&student_id=2&term=1&id=63
INFO: [ app_init ] --START--
INFO: Run Behavior\BuildLiteBehavior [ RunTime:0.000000s ]
INFO: Run Behavior\FlashBehaviors [ RunTime:0.000000s ]
INFO: [ app_init ] --END-- [ RunTime:0.001000s ]

[2016-11-11 07:51:18] ::1 /filemanage/index.php/Home/Score/modify?type=menu&course_id=7&class_id=4&year=2010&student_id=2&term=1&id=63
INFO: [ app_init ] --START--
INFO: Run Behavior\BuildLiteBehavior [ RunTime:0.000000s ]
INFO: Run Behavior\FlashBehaviors [ RunTime:0.000000s ]
INFO: [ app_init ] --END-- [ RunTime:0.001000s ]

[2016-11-11 07:51:33] ::1 /filemanage/index.php/Home/Score/modify?type=menu&course_id=7&class_id=4&year=2010&student_id=2&term=1&id=63
INFO: [ app_init ] --START--
INFO: Run Behavior\BuildLiteBehavior [ RunTime:0.000000s ]
INFO: Run Behavior\FlashBehaviors [ RunTime:0.000000s ]
INFO: [ app_init ] --END-- [ RunTime:0.001000s ]

[2016-11-11 07:51:54] ::1 /filemanage/index.php/Home/Score/modify?type=menu&course_id=7&class_id=4&year=2010&student_id=2&term=1&id=63
INFO: [ app_init ] --START--
INFO: Run Behavior\BuildLiteBehavior [ RunTime:0.000000s ]
INFO: Run Behavior\FlashBehaviors [ RunTime:0.000000s ]
INFO: [ app_init ] --END-- [ RunTime:0.001000s ]

[2016-11-11 07:52:02] ::1 /filemanage/index.php/Home/Score/save?type=add
INFO: [ app_init ] --START--
INFO: Run Behavior\BuildLiteBehavior [ RunTime:0.000000s ]
INFO: Run Behavior\FlashBehaviors [ RunTime:0.001000s ]
INFO: [ app_init ] --END-- [ RunTime:0.002000s ]

[2016-11-11 07:52:04] ::1 /filemanage/index.php/Home/Score/modify?type=menu&course_id=&class_id=&year=&student_id=&term=&id=63
INFO: [ app_init ] --START--
INFO: Run Behavior\BuildLiteBehavior [ RunTime:0.000000s ]
INFO: Run Behavior\FlashBehaviors [ RunTime:0.001000s ]
INFO: [ app_init ] --END-- [ RunTime:0.002000s ]

[2016-11-11 07:52:08] ::1 /filemanage/index.php/Home/Score/modify?type=menu&course_id=&class_id=&year=&student_id=&term=&id=63
INFO: [ app_init ] --START--
INFO: Run Behavior\BuildLiteBehavior [ RunTime:0.000000s ]
INFO: Run Behavior\FlashBehaviors [ RunTime:0.001000s ]
INFO: [ app_init ] --END-- [ RunTime:0.002000s ]

[2016-11-11 07:56:20] ::1 /filemanage/index.php/Home/Score/add?type=menu
INFO: [ app_init ] --START--
INFO: Run Behavior\BuildLiteBehavior [ RunTime:0.000000s ]
INFO: Run Behavior\FlashBehaviors [ RunTime:0.000000s ]
INFO: [ app_init ] --END-- [ RunTime:0.001000s ]

[2016-11-11 07:56:26] ::1 /filemanage/index.php/Home/Score/add?type=menu&course_id=7&class_id=4&student_id=&year=2015&term=1
INFO: [ app_init ] --START--
INFO: Run Behavior\BuildLiteBehavior [ RunTime:0.000000s ]
INFO: Run Behavior\FlashBehaviors [ RunTime:0.000000s ]
INFO: [ app_init ] --END-- [ RunTime:0.001000s ]

[2016-11-11 07:56:30] ::1 /filemanage/index.php/Home/Score/save?type=add
INFO: [ app_init ] --START--
INFO: Run Behavior\BuildLiteBehavior [ RunTime:0.000000s ]
INFO: Run Behavior\FlashBehaviors [ RunTime:0.001000s ]
INFO: [ app_init ] --END-- [ RunTime:0.001000s ]

[2016-11-11 07:56:32] ::1 /filemanage/index.php/Home/Score/add?type=menu&course_id=7&class_id=4&year=2015&student_id=2&term=1
INFO: [ app_init ] --START--
INFO: Run Behavior\BuildLiteBehavior [ RunTime:0.000000s ]
INFO: Run Behavior\FlashBehaviors [ RunTime:0.001000s ]
INFO: [ app_init ] --END-- [ RunTime:0.001000s ]

[2016-11-11 07:56:35] ::1 /filemanage/index.php/Home/Score/showList?type=menu
INFO: [ app_init ] --START--
INFO: Run Behavior\BuildLiteBehavior [ RunTime:0.000000s ]
INFO: Run Behavior\FlashBehaviors [ RunTime:0.001000s ]
INFO: [ app_init ] --END-- [ RunTime:0.002000s ]

[2016-11-11 07:56:37] ::1 /filemanage/index.php/Home/Score/modify?type=menu&id=64
INFO: [ app_init ] --START--
INFO: Run Behavior\BuildLiteBehavior [ RunTime:0.000000s ]
INFO: Run Behavior\FlashBehaviors [ RunTime:0.001000s ]
INFO: [ app_init ] --END-- [ RunTime:0.002000s ]

[2016-11-11 07:56:41] ::1 /filemanage/index.php/Home/Score/save?type=add
INFO: [ app_init ] --START--
INFO: Run Behavior\BuildLiteBehavior [ RunTime:0.000000s ]
INFO: Run Behavior\FlashBehaviors [ RunTime:0.001000s ]
INFO: [ app_init ] --END-- [ RunTime:0.002000s ]

[2016-11-11 07:56:43] ::1 /filemanage/index.php/Home/Score/modify?type=menu&course_id=7&class_id=4&year=2015&student_id=2&term=1&id=64
INFO: [ app_init ] --START--
INFO: Run Behavior\BuildLiteBehavior [ RunTime:0.000000s ]
INFO: Run Behavior\FlashBehaviors [ RunTime:0.001000s ]
INFO: [ app_init ] --END-- [ RunTime:0.002000s ]

[2016-11-11 07:56:48] ::1 /filemanage/index.php/Home/Score/save?type=add
INFO: [ app_init ] --START--
INFO: Run Behavior\BuildLiteBehavior [ RunTime:0.000000s ]
INFO: Run Behavior\FlashBehaviors [ RunTime:0.001001s ]
INFO: [ app_init ] --END-- [ RunTime:0.001001s ]

[2016-11-11 07:56:50] ::1 /filemanage/index.php/Home/Score/modify?type=menu&course_id=7&class_id=4&year=2015&student_id=2&term=1&id=64
INFO: [ app_init ] --START--
INFO: Run Behavior\BuildLiteBehavior [ RunTime:0.000000s ]
INFO: Run Behavior\FlashBehaviors [ RunTime:0.001000s ]
INFO: [ app_init ] --END-- [ RunTime:0.001000s ]

[2016-11-11 07:56:57] ::1 /filemanage/index.php/Home/Score/showList?type=menu
INFO: [ app_init ] --START--
INFO: Run Behavior\BuildLiteBehavior [ RunTime:0.000000s ]
INFO: Run Behavior\FlashBehaviors [ RunTime:0.001000s ]
INFO: [ app_init ] --END-- [ RunTime:0.001000s ]

[2016-11-11 07:56:59] ::1 /filemanage/index.php/Home/Score/del?type=menu&id=63
INFO: [ app_init ] --START--
INFO: Run Behavior\BuildLiteBehavior [ RunTime:0.000000s ]
INFO: Run Behavior\FlashBehaviors [ RunTime:0.000000s ]
INFO: [ app_init ] --END-- [ RunTime:0.001000s ]

[2016-11-11 07:57:01] ::1 /filemanage/index.php/Home/Score/showList
INFO: [ app_init ] --START--
INFO: Run Behavior\BuildLiteBehavior [ RunTime:0.000000s ]
INFO: Run Behavior\FlashBehaviors [ RunTime:0.001000s ]
INFO: [ app_init ] --END-- [ RunTime:0.001000s ]

