2016-11-23 21:40:24  2016-11-23 21:40:24  0
  SELECT * FROM `ys_student` WHERE `is_valid` = '1'



2016-11-23 21:42:13  2016-11-23 21:42:13  0
  SELECT * FROM `ys_student` WHERE `is_valid` = '1' 



2016-11-23 21:47:06  2016-11-23 21:47:06  0
  SELECT * FROM `ys_student` WHERE `is_valid` = '1'  AND ( `class_id` in ('9','10','11') )



2016-11-23 21:47:55  2016-11-23 21:47:55  0
  SELECT count(*) FROM `ys_student` WHERE `is_valid` = '1'  AND ( `class_id` in ('9','10','11') )



2016-11-23 21:48:05  2016-11-23 21:48:05  0
  SELECT count(*) FROM `ys_student` WHERE `is_valid` = '1'  AND ( `class_id` in ('9','10','11') )



2016-11-23 21:48:37  2016-11-23 21:48:37  0
  SELECT count(*) as num FROM `ys_student` WHERE `is_valid` = '1'  AND ( `class_id` in ('9','10','11') )



2016-11-23 21:49:31  2016-11-23 21:49:31  0
  SELECT count(*) as num FROM `ys_student` WHERE `is_valid` = '1'  AND ( `class_id` in ('9','10','11') )



2016-11-23 21:50:17  2016-11-23 21:50:17  0
  SELECT count(*) as num FROM `ys_student` WHERE `is_valid` = '1'  AND ( `class_id` in ('9','10','11') )



2016-11-23 21:50:41  2016-11-23 21:50:41  0
  SELECT count(*) as num FROM `ys_student` WHERE `is_valid` = '1'  AND ( `class_id` in ('9','10','11') )



2016-11-23 21:50:56  2016-11-23 21:50:56  0
  SELECT count(*) as num FROM `ys_student` WHERE `is_valid` = '1'  AND ( `class_id` in ('9','10','11') )



2016-11-23 21:52:33  2016-11-23 21:52:33  0
  SELECT count(*) as num FROM `ys_student` WHERE `is_valid` = '1'  AND ( `class_id` in ('9','10','11') )



2016-11-23 21:52:36  2016-11-23 21:52:36  0
  SELECT count(*) as num FROM `ys_student` WHERE `is_valid` = '1'  AND ( `class_id` in ('9','10','11') )



2016-11-23 21:52:49  2016-11-23 21:52:49  0
  SELECT count(*) as num FROM `ys_student` WHERE `is_valid` = '1'  AND ( `class_id` in ('9','10','11') )



2016-11-23 21:53:00  2016-11-23 21:53:00  0
  SELECT count(*) as num FROM `ys_student` WHERE `is_valid` = '1'  AND ( `class_id` in ('9','10','11') )



2016-11-23 21:53:56  2016-11-23 21:53:56  0
  SELECT count(*) as num FROM `ys_student` WHERE `is_valid` = '1'  AND ( `class_id` in ('9','10','11') )



2016-11-23 21:54:29  2016-11-23 21:54:29  0
  SELECT count(*) as num FROM `ys_student` WHERE `is_valid` = '1'  AND ( `class_id` in ('9','10','11') )



2016-11-23 21:54:44  2016-11-23 21:54:44  0
  SELECT count(*) as num FROM `ys_student` WHERE `is_valid` = '1'  AND ( `class_id` in ('9','10','11') )



2016-11-23 21:55:11  2016-11-23 21:55:11  0
  SELECT count(*) as num FROM `ys_student` WHERE `is_valid` = '1'  AND ( `class_id` in ('9','10','11') )



2016-11-23 21:55:17  2016-11-23 21:55:17  0
  SELECT count(*) as num FROM `ys_student` WHERE `is_valid` = '1'  AND ( `class_id` in ('9','10','11') )



2016-11-23 21:55:53  2016-11-23 21:55:53  0
  SELECT count(*) as num FROM `ys_student` WHERE `is_valid` = '1'  AND ( `class_id` in ('9','10','11') )



2016-11-23 21:56:00  2016-11-23 21:56:00  0
  SELECT count(*) as num FROM `ys_student` WHERE `is_valid` = '1'  AND ( `class_id` in ('9','10','11') )



2016-11-23 21:57:55  2016-11-23 21:57:55  0
  SELECT count(*) as num FROM `ys_student` WHERE `is_valid` = '1'  AND ( `class_id` in ('9','10','11') )



2016-11-23 22:40:20  2016-11-23 22:40:20  0
  SELECT count(*) as num FROM `ys_student` WHERE `is_valid` = '1'  AND ( `class_id` in ('9','10','11') )



2016-11-23 22:40:31  2016-11-23 22:40:31  0
  SELECT count(*) as num FROM `ys_student` WHERE `is_valid` = '1'  AND ( `class_id` in ('9','10','11') )



2016-11-23 22:40:35  2016-11-23 22:40:35  0
  SELECT count(*) as num FROM `ys_student` WHERE `is_valid` = '1'  AND ( `class_id` in ('9','10','11') )



2016-11-23 22:40:57  2016-11-23 22:40:57  0
  SELECT count(*) as num FROM `ys_student` WHERE `is_valid` = '1'  AND ( `class_id` in ('9','10','11') )



2016-11-23 22:41:17  2016-11-23 22:41:17  0
  SELECT count(*) as num FROM `ys_student` WHERE `is_valid` = '1'  AND ( `class_id` in ('9','10','11') )



2016-11-23 22:41:21  2016-11-23 22:41:21  0
  SELECT count(*) as num FROM `ys_student` WHERE `is_valid` = '1'  AND ( `class_id` in ('9','10','11') )



2016-11-23 22:42:11  2016-11-23 22:42:11  0
  SELECT count(*) as num FROM `ys_student` WHERE `is_valid` = '1'  AND ( `class_id` in ('9','10','11') )



2016-11-23 22:43:07  2016-11-23 22:43:07  0
  SELECT count(*) as num FROM `ys_student` WHERE `is_valid` = '1'  AND ( `class_id` in ('9','10','11') )



2016-11-23 22:43:23  2016-11-23 22:43:23  0
  SELECT count(*) as num FROM `ys_student` WHERE `is_valid` = '1'  AND ( `class_id` in ('9','10','11') )



2016-11-23 22:43:42  2016-11-23 22:43:42  0
  SELECT count(*) as num FROM `ys_student` WHERE `is_valid` = '1'  AND ( `class_id` in ('9','10','11') )



